{"/home/guilherme/Desktop/cryptonita/futuresExchange/src/app.js":{"path":"/home/guilherme/Desktop/cryptonita/futuresExchange/src/app.js","statementMap":{"0":{"start":{"line":1,"column":16},"end":{"line":1,"column":34}},"1":{"start":{"line":2,"column":13},"end":{"line":2,"column":28}},"2":{"start":{"line":3,"column":15},"end":{"line":3,"column":32}},"3":{"start":{"line":5,"column":19},"end":{"line":5,"column":36}},"4":{"start":{"line":6,"column":12},"end":{"line":6,"column":21}},"5":{"start":{"line":7,"column":19},"end":{"line":7,"column":41}},"6":{"start":{"line":11,"column":4},"end":{"line":11,"column":32}},"7":{"start":{"line":13,"column":0},"end":{"line":13,"column":42}},"8":{"start":{"line":14,"column":0},"end":{"line":14,"column":16}},"9":{"start":{"line":15,"column":0},"end":{"line":15,"column":18}},"10":{"start":{"line":16,"column":0},"end":{"line":16,"column":27}},"11":{"start":{"line":18,"column":0},"end":{"line":18,"column":69}},"12":{"start":{"line":25,"column":0},"end":{"line":27,"column":3}},"13":{"start":{"line":26,"column":2},"end":{"line":26,"column":62}},"14":{"start":{"line":29,"column":0},"end":{"line":29,"column":21}}},"fnMap":{"0":{"name":"(anonymous_0)","decl":{"start":{"line":25,"column":28},"end":{"line":25,"column":29}},"loc":{"start":{"line":25,"column":34},"end":{"line":27,"column":1}},"line":25}},"branchMap":{"0":{"loc":{"start":{"line":13,"column":16},"end":{"line":13,"column":40}},"type":"binary-expr","locations":[{"start":{"line":13,"column":16},"end":{"line":13,"column":32}},{"start":{"line":13,"column":36},"end":{"line":13,"column":40}}],"line":13}},"s":{"0":1,"1":1,"2":1,"3":1,"4":1,"5":1,"6":1,"7":1,"8":1,"9":1,"10":1,"11":1,"12":1,"13":1,"14":1},"f":{"0":1},"b":{"0":[1,1]},"_coverageSchema":"1a1c01bbd47fc00a2c39e90264f33305004495a9","hash":"8912c9f9ec25932206c6af54af7e7b2144dad522","contentHash":"9be22f1f9b729afd999172cd91f2759251dabc0d84c58a85c0de5ca0e4b7c165"},"/home/guilherme/Desktop/cryptonita/futuresExchange/src/api/index.js":{"path":"/home/guilherme/Desktop/cryptonita/futuresExchange/src/api/index.js","statementMap":{"0":{"start":{"line":1,"column":19},"end":{"line":1,"column":37}},"1":{"start":{"line":2,"column":19},"end":{"line":2,"column":41}},"2":{"start":{"line":3,"column":16},"end":{"line":3,"column":43}},"3":{"start":{"line":4,"column":12},"end":{"line":4,"column":35}},"4":{"start":{"line":5,"column":15},"end":{"line":5,"column":41}},"5":{"start":{"line":6,"column":32},"end":{"line":6,"column":61}},"6":{"start":{"line":7,"column":15},"end":{"line":7,"column":23}},"7":{"start":{"line":8,"column":0},"end":{"line":8,"column":47}},"8":{"start":{"line":9,"column":0},"end":{"line":9,"column":53}},"9":{"start":{"line":10,"column":0},"end":{"line":10,"column":24}},"10":{"start":{"line":11,"column":0},"end":{"line":11,"column":30}},"11":{"start":{"line":13,"column":0},"end":{"line":13,"column":24}}},"fnMap":{},"branchMap":{},"s":{"0":1,"1":1,"2":1,"3":1,"4":1,"5":1,"6":1,"7":1,"8":1,"9":1,"10":1,"11":1},"f":{},"b":{},"_coverageSchema":"1a1c01bbd47fc00a2c39e90264f33305004495a9","hash":"96a41289b971cc280802ea893f09ecfe7f2c4ada","contentHash":"e9bb99b02aa895e0ad6a893e87aa59154f9f8bf3b48c5e552e019efa3ed51cf1"},"/home/guilherme/Desktop/cryptonita/futuresExchange/src/api/binance/index.js":{"path":"/home/guilherme/Desktop/cryptonita/futuresExchange/src/api/binance/index.js","statementMap":{"0":{"start":{"line":1,"column":19},"end":{"line":1,"column":37}},"1":{"start":{"line":2,"column":19},"end":{"line":2,"column":49}},"2":{"start":{"line":3,"column":18},"end":{"line":3,"column":47}},"3":{"start":{"line":4,"column":14},"end":{"line":4,"column":39}},"4":{"start":{"line":5,"column":17},"end":{"line":5,"column":45}},"5":{"start":{"line":6,"column":17},"end":{"line":6,"column":45}},"6":{"start":{"line":7,"column":16},"end":{"line":7,"column":43}},"7":{"start":{"line":8,"column":16},"end":{"line":8,"column":43}},"8":{"start":{"line":9,"column":13},"end":{"line":9,"column":37}},"9":{"start":{"line":11,"column":15},"end":{"line":11,"column":27}},"10":{"start":{"line":12,"column":0},"end":{"line":12,"column":38}},"11":{"start":{"line":13,"column":0},"end":{"line":13,"column":36}},"12":{"start":{"line":14,"column":0},"end":{"line":14,"column":28}},"13":{"start":{"line":15,"column":0},"end":{"line":15,"column":34}},"14":{"start":{"line":16,"column":0},"end":{"line":16,"column":34}},"15":{"start":{"line":17,"column":0},"end":{"line":17,"column":32}},"16":{"start":{"line":18,"column":0},"end":{"line":18,"column":32}},"17":{"start":{"line":19,"column":0},"end":{"line":19,"column":26}},"18":{"start":{"line":21,"column":0},"end":{"line":21,"column":24}}},"fnMap":{},"branchMap":{},"s":{"0":1,"1":1,"2":1,"3":1,"4":1,"5":1,"6":1,"7":1,"8":1,"9":1,"10":1,"11":1,"12":1,"13":1,"14":1,"15":1,"16":1,"17":1,"18":1},"f":{},"b":{},"_coverageSchema":"1a1c01bbd47fc00a2c39e90264f33305004495a9","hash":"8acb7877ea05a4aaae32a025bef4180dada08543","contentHash":"bb4bc1549da3f47d80e79a3440e292a5b10919e33763ef7df3e3aec6cfd291d4"},"/home/guilherme/Desktop/cryptonita/futuresExchange/src/api/binance/instrument/index.js":{"path":"/home/guilherme/Desktop/cryptonita/futuresExchange/src/api/binance/instrument/index.js","statementMap":{"0":{"start":{"line":1,"column":19},"end":{"line":1,"column":37}},"1":{"start":{"line":2,"column":30},"end":{"line":2,"column":57}},"2":{"start":{"line":8,"column":4},"end":{"line":8,"column":27}},"3":{"start":{"line":10,"column":15},"end":{"line":10,"column":27}},"4":{"start":{"line":11,"column":0},"end":{"line":11,"column":58}},"5":{"start":{"line":12,"column":0},"end":{"line":12,"column":35}},"6":{"start":{"line":13,"column":0},"end":{"line":13,"column":54}},"7":{"start":{"line":14,"column":0},"end":{"line":14,"column":50}},"8":{"start":{"line":16,"column":0},"end":{"line":16,"column":24}}},"fnMap":{},"branchMap":{},"s":{"0":1,"1":1,"2":1,"3":1,"4":1,"5":1,"6":1,"7":1,"8":1},"f":{},"b":{},"_coverageSchema":"1a1c01bbd47fc00a2c39e90264f33305004495a9","hash":"13f3b7b1b0d52d212c9a617c9e39109d3fad6326","contentHash":"e527107f97d794fb4e5ab424b464104980b4bacc8ee514ddd0e045680f1dfaef"},"/home/guilherme/Desktop/cryptonita/futuresExchange/src/api/middleware/index.js":{"path":"/home/guilherme/Desktop/cryptonita/futuresExchange/src/api/middleware/index.js","statementMap":{"0":{"start":{"line":1,"column":13},"end":{"line":1,"column":28}},"1":{"start":{"line":2,"column":39},"end":{"line":2,"column":72}},"2":{"start":{"line":4,"column":25},"end":{"line":4,"column":63}},"3":{"start":{"line":5,"column":22},"end":{"line":5,"column":24}},"4":{"start":{"line":7,"column":0},"end":{"line":65,"column":2}},"5":{"start":{"line":8,"column":2},"end":{"line":64,"column":3}},"6":{"start":{"line":9,"column":40},"end":{"line":9,"column":51}},"7":{"start":{"line":10,"column":4},"end":{"line":14,"column":8}},"8":{"start":{"line":11,"column":6},"end":{"line":14,"column":8}},"9":{"start":{"line":16,"column":4},"end":{"line":20,"column":8}},"10":{"start":{"line":17,"column":6},"end":{"line":20,"column":8}},"11":{"start":{"line":21,"column":20},"end":{"line":21,"column":61}},"12":{"start":{"line":22,"column":4},"end":{"line":55,"column":5}},"13":{"start":{"line":23,"column":33},"end":{"line":23,"column":40}},"14":{"start":{"line":24,"column":6},"end":{"line":39,"column":8}},"15":{"start":{"line":41,"column":6},"end":{"line":54,"column":8}},"16":{"start":{"line":56,"column":26},"end":{"line":56,"column":44}},"17":{"start":{"line":57,"column":17},"end":{"line":57,"column":51}},"18":{"start":{"line":59,"column":4},"end":{"line":59,"column":28}},"19":{"start":{"line":60,"column":4},"end":{"line":60,"column":22}},"20":{"start":{"line":61,"column":4},"end":{"line":61,"column":11}},"21":{"start":{"line":63,"column":4},"end":{"line":63,"column":49}},"22":{"start":{"line":69,"column":0},"end":{"line":80,"column":2}},"23":{"start":{"line":70,"column":23},"end":{"line":70,"column":26}},"24":{"start":{"line":71,"column":2},"end":{"line":79,"column":3}},"25":{"start":{"line":72,"column":4},"end":{"line":74,"column":5}},"26":{"start":{"line":73,"column":6},"end":{"line":73,"column":53}},"27":{"start":{"line":75,"column":4},"end":{"line":75,"column":42}},"28":{"start":{"line":76,"column":4},"end":{"line":76,"column":11}},"29":{"start":{"line":78,"column":4},"end":{"line":78,"column":49}},"30":{"start":{"line":82,"column":0},"end":{"line":96,"column":2}},"31":{"start":{"line":83,"column":2},"end":{"line":95,"column":3}},"32":{"start":{"line":84,"column":25},"end":{"line":84,"column":76}},"33":{"start":{"line":85,"column":4},"end":{"line":92,"column":5}},"34":{"start":{"line":86,"column":6},"end":{"line":86,"column":76}},"35":{"start":{"line":88,"column":6},"end":{"line":88,"column":69}},"36":{"start":{"line":89,"column":6},"end":{"line":89,"column":62}},"37":{"start":{"line":90,"column":6},"end":{"line":90,"column":61}},"38":{"start":{"line":91,"column":6},"end":{"line":91,"column":13}},"39":{"start":{"line":94,"column":4},"end":{"line":94,"column":49}}},"fnMap":{"0":{"name":"(anonymous_0)","decl":{"start":{"line":7,"column":33},"end":{"line":7,"column":34}},"loc":{"start":{"line":7,"column":59},"end":{"line":65,"column":1}},"line":7},"1":{"name":"(anonymous_1)","decl":{"start":{"line":69,"column":30},"end":{"line":69,"column":31}},"loc":{"start":{"line":69,"column":56},"end":{"line":80,"column":1}},"line":69},"2":{"name":"(anonymous_2)","decl":{"start":{"line":82,"column":28},"end":{"line":82,"column":29}},"loc":{"start":{"line":82,"column":54},"end":{"line":96,"column":1}},"line":82}},"branchMap":{"0":{"loc":{"start":{"line":10,"column":4},"end":{"line":14,"column":8}},"type":"if","locations":[{"start":{"line":10,"column":4},"end":{"line":14,"column":8}},{"start":{"line":10,"column":4},"end":{"line":14,"column":8}}],"line":10},"1":{"loc":{"start":{"line":16,"column":4},"end":{"line":20,"column":8}},"type":"if","locations":[{"start":{"line":16,"column":4},"end":{"line":20,"column":8}},{"start":{"line":16,"column":4},"end":{"line":20,"column":8}}],"line":16},"2":{"loc":{"start":{"line":22,"column":4},"end":{"line":55,"column":5}},"type":"if","locations":[{"start":{"line":22,"column":4},"end":{"line":55,"column":5}},{"start":{"line":22,"column":4},"end":{"line":55,"column":5}}],"line":22},"3":{"loc":{"start":{"line":72,"column":4},"end":{"line":74,"column":5}},"type":"if","locations":[{"start":{"line":72,"column":4},"end":{"line":74,"column":5}},{"start":{"line":72,"column":4},"end":{"line":74,"column":5}}],"line":72},"4":{"loc":{"start":{"line":84,"column":25},"end":{"line":84,"column":76}},"type":"binary-expr","locations":[{"start":{"line":84,"column":25},"end":{"line":84,"column":49}},{"start":{"line":84,"column":53},"end":{"line":84,"column":76}}],"line":84},"5":{"loc":{"start":{"line":85,"column":4},"end":{"line":92,"column":5}},"type":"if","locations":[{"start":{"line":85,"column":4},"end":{"line":92,"column":5}},{"start":{"line":85,"column":4},"end":{"line":92,"column":5}}],"line":85},"6":{"loc":{"start":{"line":85,"column":8},"end":{"line":85,"column":73}},"type":"binary-expr","locations":[{"start":{"line":85,"column":8},"end":{"line":85,"column":23}},{"start":{"line":85,"column":27},"end":{"line":85,"column":73}}],"line":85}},"s":{"0":1,"1":1,"2":1,"3":1,"4":1,"5":0,"6":0,"7":0,"8":0,"9":0,"10":0,"11":0,"12":0,"13":0,"14":0,"15":0,"16":0,"17":0,"18":0,"19":0,"20":0,"21":0,"22":1,"23":0,"24":0,"25":0,"26":0,"27":0,"28":0,"29":0,"30":1,"31":0,"32":0,"33":0,"34":0,"35":0,"36":0,"37":0,"38":0,"39":0},"f":{"0":0,"1":0,"2":0},"b":{"0":[0,0],"1":[0,0],"2":[0,0],"3":[0,0],"4":[0,0],"5":[0,0],"6":[0,0]},"_coverageSchema":"1a1c01bbd47fc00a2c39e90264f33305004495a9","hash":"34102be1a57f5089cedfb09b569311fe6539b697","contentHash":"abbe1c09c75786d9b7dd7bd9a7ae4927eb3864fe8f176256f11648a95850756c"},"/home/guilherme/Desktop/cryptonita/futuresExchange/src/services/general/index.js":{"path":"/home/guilherme/Desktop/cryptonita/futuresExchange/src/services/general/index.js","statementMap":{"0":{"start":{"line":1,"column":13},"end":{"line":1,"column":28}},"1":{"start":{"line":8,"column":4},"end":{"line":8,"column":19}},"2":{"start":{"line":9,"column":0},"end":{"line":15,"column":2}},"3":{"start":{"line":11,"column":2},"end":{"line":13,"column":44}},"4":{"start":{"line":12,"column":4},"end":{"line":12,"column":51}},"5":{"start":{"line":13,"column":9},"end":{"line":13,"column":44}},"6":{"start":{"line":14,"column":2},"end":{"line":14,"column":16}},"7":{"start":{"line":17,"column":0},"end":{"line":24,"column":2}},"8":{"start":{"line":19,"column":2},"end":{"line":22,"column":47}},"9":{"start":{"line":20,"column":4},"end":{"line":20,"column":57}},"10":{"start":{"line":21,"column":4},"end":{"line":21,"column":39}},"11":{"start":{"line":22,"column":9},"end":{"line":22,"column":47}},"12":{"start":{"line":23,"column":2},"end":{"line":23,"column":18}},"13":{"start":{"line":26,"column":0},"end":{"line":29,"column":2}},"14":{"start":{"line":27,"column":20},"end":{"line":27,"column":61}},"15":{"start":{"line":28,"column":2},"end":{"line":28,"column":19}},"16":{"start":{"line":31,"column":0},"end":{"line":37,"column":2}},"17":{"start":{"line":32,"column":2},"end":{"line":36,"column":4}},"18":{"start":{"line":38,"column":0},"end":{"line":45,"column":2}},"19":{"start":{"line":39,"column":20},"end":{"line":39,"column":34}},"20":{"start":{"line":40,"column":19},"end":{"line":40,"column":60}},"21":{"start":{"line":40,"column":41},"end":{"line":40,"column":59}},"22":{"start":{"line":41,"column":2},"end":{"line":43,"column":3}},"23":{"start":{"line":42,"column":4},"end":{"line":42,"column":16}},"24":{"start":{"line":44,"column":2},"end":{"line":44,"column":15}},"25":{"start":{"line":47,"column":0},"end":{"line":50,"column":2}},"26":{"start":{"line":48,"column":2},"end":{"line":48,"column":68}},"27":{"start":{"line":48,"column":59},"end":{"line":48,"column":68}},"28":{"start":{"line":49,"column":2},"end":{"line":49,"column":52}},"29":{"start":{"line":52,"column":0},"end":{"line":54,"column":2}},"30":{"start":{"line":53,"column":2},"end":{"line":53,"column":51}},"31":{"start":{"line":56,"column":0},"end":{"line":58,"column":2}},"32":{"start":{"line":57,"column":2},"end":{"line":57,"column":55}},"33":{"start":{"line":60,"column":0},"end":{"line":63,"column":2}},"34":{"start":{"line":61,"column":2},"end":{"line":62,"column":24}},"35":{"start":{"line":61,"column":14},"end":{"line":61,"column":41}},"36":{"start":{"line":62,"column":7},"end":{"line":62,"column":24}},"37":{"start":{"line":62,"column":17},"end":{"line":62,"column":24}},"38":{"start":{"line":65,"column":0},"end":{"line":75,"column":2}},"39":{"start":{"line":66,"column":2},"end":{"line":74,"column":4}},"40":{"start":{"line":77,"column":0},"end":{"line":87,"column":2}},"41":{"start":{"line":78,"column":2},"end":{"line":86,"column":4}},"42":{"start":{"line":89,"column":0},"end":{"line":97,"column":2}},"43":{"start":{"line":90,"column":2},"end":{"line":90,"column":28}},"44":{"start":{"line":91,"column":2},"end":{"line":92,"column":43}},"45":{"start":{"line":91,"column":23},"end":{"line":91,"column":36}},"46":{"start":{"line":92,"column":7},"end":{"line":92,"column":43}},"47":{"start":{"line":92,"column":29},"end":{"line":92,"column":43}},"48":{"start":{"line":93,"column":2},"end":{"line":96,"column":4}},"49":{"start":{"line":98,"column":0},"end":{"line":106,"column":2}},"50":{"start":{"line":99,"column":2},"end":{"line":99,"column":28}},"51":{"start":{"line":100,"column":2},"end":{"line":101,"column":43}},"52":{"start":{"line":100,"column":22},"end":{"line":100,"column":36}},"53":{"start":{"line":101,"column":7},"end":{"line":101,"column":43}},"54":{"start":{"line":101,"column":28},"end":{"line":101,"column":43}},"55":{"start":{"line":102,"column":2},"end":{"line":105,"column":4}},"56":{"start":{"line":107,"column":0},"end":{"line":115,"column":2}},"57":{"start":{"line":108,"column":2},"end":{"line":108,"column":28}},"58":{"start":{"line":109,"column":2},"end":{"line":110,"column":16}},"59":{"start":{"line":110,"column":4},"end":{"line":110,"column":16}},"60":{"start":{"line":111,"column":2},"end":{"line":114,"column":4}},"61":{"start":{"line":117,"column":0},"end":{"line":133,"column":2}},"62":{"start":{"line":123,"column":28},"end":{"line":123,"column":69}},"63":{"start":{"line":124,"column":22},"end":{"line":124,"column":23}},"64":{"start":{"line":125,"column":16},"end":{"line":125,"column":17}},"65":{"start":{"line":126,"column":2},"end":{"line":130,"column":3}},"66":{"start":{"line":127,"column":4},"end":{"line":127,"column":60}},"67":{"start":{"line":128,"column":9},"end":{"line":130,"column":3}},"68":{"start":{"line":129,"column":4},"end":{"line":129,"column":59}},"69":{"start":{"line":131,"column":2},"end":{"line":131,"column":36}},"70":{"start":{"line":132,"column":2},"end":{"line":132,"column":23}},"71":{"start":{"line":138,"column":0},"end":{"line":159,"column":2}},"72":{"start":{"line":145,"column":28},"end":{"line":147,"column":10}},"73":{"start":{"line":148,"column":22},"end":{"line":148,"column":23}},"74":{"start":{"line":149,"column":26},"end":{"line":149,"column":27}},"75":{"start":{"line":150,"column":2},"end":{"line":156,"column":3}},"76":{"start":{"line":151,"column":4},"end":{"line":151,"column":68}},"77":{"start":{"line":152,"column":9},"end":{"line":156,"column":3}},"78":{"start":{"line":153,"column":4},"end":{"line":153,"column":67}},"79":{"start":{"line":155,"column":4},"end":{"line":155,"column":34}},"80":{"start":{"line":157,"column":2},"end":{"line":157,"column":44}},"81":{"start":{"line":158,"column":2},"end":{"line":158,"column":46}},"82":{"start":{"line":161,"column":0},"end":{"line":162,"column":37}},"83":{"start":{"line":162,"column":2},"end":{"line":162,"column":36}},"84":{"start":{"line":164,"column":0},"end":{"line":167,"column":2}},"85":{"start":{"line":165,"column":2},"end":{"line":165,"column":51}},"86":{"start":{"line":166,"column":2},"end":{"line":166,"column":70}},"87":{"start":{"line":166,"column":42},"end":{"line":166,"column":58}},"88":{"start":{"line":169,"column":0},"end":{"line":171,"column":2}},"89":{"start":{"line":170,"column":2},"end":{"line":170,"column":63}}},"fnMap":{"0":{"name":"(anonymous_0)","decl":{"start":{"line":9,"column":20},"end":{"line":9,"column":21}},"loc":{"start":{"line":9,"column":58},"end":{"line":15,"column":1}},"line":9},"1":{"name":"(anonymous_1)","decl":{"start":{"line":17,"column":24},"end":{"line":17,"column":25}},"loc":{"start":{"line":17,"column":62},"end":{"line":24,"column":1}},"line":17},"2":{"name":"(anonymous_2)","decl":{"start":{"line":26,"column":23},"end":{"line":26,"column":24}},"loc":{"start":{"line":26,"column":55},"end":{"line":29,"column":1}},"line":26},"3":{"name":"(anonymous_3)","decl":{"start":{"line":31,"column":21},"end":{"line":31,"column":22}},"loc":{"start":{"line":31,"column":56},"end":{"line":37,"column":1}},"line":31},"4":{"name":"(anonymous_4)","decl":{"start":{"line":38,"column":25},"end":{"line":38,"column":26}},"loc":{"start":{"line":38,"column":41},"end":{"line":45,"column":1}},"line":38},"5":{"name":"(anonymous_5)","decl":{"start":{"line":40,"column":36},"end":{"line":40,"column":37}},"loc":{"start":{"line":40,"column":41},"end":{"line":40,"column":59}},"line":40},"6":{"name":"(anonymous_6)","decl":{"start":{"line":47,"column":24},"end":{"line":47,"column":25}},"loc":{"start":{"line":47,"column":33},"end":{"line":50,"column":1}},"line":47},"7":{"name":"(anonymous_7)","decl":{"start":{"line":52,"column":34},"end":{"line":52,"column":35}},"loc":{"start":{"line":52,"column":43},"end":{"line":54,"column":1}},"line":52},"8":{"name":"(anonymous_8)","decl":{"start":{"line":56,"column":21},"end":{"line":56,"column":22}},"loc":{"start":{"line":56,"column":30},"end":{"line":58,"column":1}},"line":56},"9":{"name":"(anonymous_9)","decl":{"start":{"line":60,"column":23},"end":{"line":60,"column":24}},"loc":{"start":{"line":60,"column":44},"end":{"line":63,"column":1}},"line":60},"10":{"name":"(anonymous_10)","decl":{"start":{"line":65,"column":22},"end":{"line":65,"column":23}},"loc":{"start":{"line":65,"column":44},"end":{"line":75,"column":1}},"line":65},"11":{"name":"(anonymous_11)","decl":{"start":{"line":77,"column":25},"end":{"line":77,"column":26}},"loc":{"start":{"line":77,"column":50},"end":{"line":87,"column":1}},"line":77},"12":{"name":"(anonymous_12)","decl":{"start":{"line":89,"column":23},"end":{"line":89,"column":24}},"loc":{"start":{"line":89,"column":31},"end":{"line":97,"column":1}},"line":89},"13":{"name":"(anonymous_13)","decl":{"start":{"line":98,"column":25},"end":{"line":98,"column":26}},"loc":{"start":{"line":98,"column":33},"end":{"line":106,"column":1}},"line":98},"14":{"name":"(anonymous_14)","decl":{"start":{"line":107,"column":21},"end":{"line":107,"column":22}},"loc":{"start":{"line":107,"column":29},"end":{"line":115,"column":1}},"line":107},"15":{"name":"(anonymous_15)","decl":{"start":{"line":117,"column":37},"end":{"line":117,"column":38}},"loc":{"start":{"line":122,"column":5},"end":{"line":133,"column":1}},"line":122},"16":{"name":"(anonymous_16)","decl":{"start":{"line":138,"column":50},"end":{"line":138,"column":51}},"loc":{"start":{"line":144,"column":5},"end":{"line":159,"column":1}},"line":144},"17":{"name":"(anonymous_17)","decl":{"start":{"line":161,"column":26},"end":{"line":161,"column":27}},"loc":{"start":{"line":162,"column":2},"end":{"line":162,"column":36}},"line":162},"18":{"name":"(anonymous_18)","decl":{"start":{"line":164,"column":34},"end":{"line":164,"column":35}},"loc":{"start":{"line":164,"column":59},"end":{"line":167,"column":1}},"line":164},"19":{"name":"(anonymous_19)","decl":{"start":{"line":166,"column":32},"end":{"line":166,"column":33}},"loc":{"start":{"line":166,"column":42},"end":{"line":166,"column":58}},"line":166},"20":{"name":"(anonymous_20)","decl":{"start":{"line":169,"column":16},"end":{"line":169,"column":17}},"loc":{"start":{"line":169,"column":36},"end":{"line":171,"column":1}},"line":169}},"branchMap":{"0":{"loc":{"start":{"line":9,"column":33},"end":{"line":9,"column":53}},"type":"default-arg","locations":[{"start":{"line":9,"column":49},"end":{"line":9,"column":53}}],"line":9},"1":{"loc":{"start":{"line":11,"column":2},"end":{"line":13,"column":44}},"type":"if","locations":[{"start":{"line":11,"column":2},"end":{"line":13,"column":44}},{"start":{"line":11,"column":2},"end":{"line":13,"column":44}}],"line":11},"2":{"loc":{"start":{"line":17,"column":37},"end":{"line":17,"column":57}},"type":"default-arg","locations":[{"start":{"line":17,"column":53},"end":{"line":17,"column":57}}],"line":17},"3":{"loc":{"start":{"line":19,"column":2},"end":{"line":22,"column":47}},"type":"if","locations":[{"start":{"line":19,"column":2},"end":{"line":22,"column":47}},{"start":{"line":19,"column":2},"end":{"line":22,"column":47}}],"line":19},"4":{"loc":{"start":{"line":41,"column":2},"end":{"line":43,"column":3}},"type":"if","locations":[{"start":{"line":41,"column":2},"end":{"line":43,"column":3}},{"start":{"line":41,"column":2},"end":{"line":43,"column":3}}],"line":41},"5":{"loc":{"start":{"line":48,"column":2},"end":{"line":48,"column":68}},"type":"if","locations":[{"start":{"line":48,"column":2},"end":{"line":48,"column":68}},{"start":{"line":48,"column":2},"end":{"line":48,"column":68}}],"line":48},"6":{"loc":{"start":{"line":49,"column":9},"end":{"line":49,"column":51}},"type":"binary-expr","locations":[{"start":{"line":49,"column":9},"end":{"line":49,"column":46}},{"start":{"line":49,"column":50},"end":{"line":49,"column":51}}],"line":49},"7":{"loc":{"start":{"line":61,"column":2},"end":{"line":62,"column":24}},"type":"if","locations":[{"start":{"line":61,"column":2},"end":{"line":62,"column":24}},{"start":{"line":61,"column":2},"end":{"line":62,"column":24}}],"line":61},"8":{"loc":{"start":{"line":62,"column":7},"end":{"line":62,"column":24}},"type":"if","locations":[{"start":{"line":62,"column":7},"end":{"line":62,"column":24}},{"start":{"line":62,"column":7},"end":{"line":62,"column":24}}],"line":62},"9":{"loc":{"start":{"line":91,"column":2},"end":{"line":92,"column":43}},"type":"if","locations":[{"start":{"line":91,"column":2},"end":{"line":92,"column":43}},{"start":{"line":91,"column":2},"end":{"line":92,"column":43}}],"line":91},"10":{"loc":{"start":{"line":92,"column":7},"end":{"line":92,"column":43}},"type":"if","locations":[{"start":{"line":92,"column":7},"end":{"line":92,"column":43}},{"start":{"line":92,"column":7},"end":{"line":92,"column":43}}],"line":92},"11":{"loc":{"start":{"line":100,"column":2},"end":{"line":101,"column":43}},"type":"if","locations":[{"start":{"line":100,"column":2},"end":{"line":101,"column":43}},{"start":{"line":100,"column":2},"end":{"line":101,"column":43}}],"line":100},"12":{"loc":{"start":{"line":101,"column":7},"end":{"line":101,"column":43}},"type":"if","locations":[{"start":{"line":101,"column":7},"end":{"line":101,"column":43}},{"start":{"line":101,"column":7},"end":{"line":101,"column":43}}],"line":101},"13":{"loc":{"start":{"line":109,"column":2},"end":{"line":110,"column":16}},"type":"if","locations":[{"start":{"line":109,"column":2},"end":{"line":110,"column":16}},{"start":{"line":109,"column":2},"end":{"line":110,"column":16}}],"line":109},"14":{"loc":{"start":{"line":109,"column":6},"end":{"line":109,"column":69}},"type":"binary-expr","locations":[{"start":{"line":109,"column":6},"end":{"line":109,"column":22}},{"start":{"line":109,"column":26},"end":{"line":109,"column":43}},{"start":{"line":109,"column":47},"end":{"line":109,"column":69}}],"line":109},"15":{"loc":{"start":{"line":126,"column":2},"end":{"line":130,"column":3}},"type":"if","locations":[{"start":{"line":126,"column":2},"end":{"line":130,"column":3}},{"start":{"line":126,"column":2},"end":{"line":130,"column":3}}],"line":126},"16":{"loc":{"start":{"line":128,"column":9},"end":{"line":130,"column":3}},"type":"if","locations":[{"start":{"line":128,"column":9},"end":{"line":130,"column":3}},{"start":{"line":128,"column":9},"end":{"line":130,"column":3}}],"line":128},"17":{"loc":{"start":{"line":145,"column":28},"end":{"line":147,"column":10}},"type":"cond-expr","locations":[{"start":{"line":146,"column":6},"end":{"line":146,"column":47}},{"start":{"line":147,"column":6},"end":{"line":147,"column":10}}],"line":145},"18":{"loc":{"start":{"line":150,"column":2},"end":{"line":156,"column":3}},"type":"if","locations":[{"start":{"line":150,"column":2},"end":{"line":156,"column":3}},{"start":{"line":150,"column":2},"end":{"line":156,"column":3}}],"line":150},"19":{"loc":{"start":{"line":152,"column":9},"end":{"line":156,"column":3}},"type":"if","locations":[{"start":{"line":152,"column":9},"end":{"line":156,"column":3}},{"start":{"line":152,"column":9},"end":{"line":156,"column":3}}],"line":152}},"s":{"0":1,"1":1,"2":1,"3":0,"4":0,"5":0,"6":0,"7":1,"8":0,"9":0,"10":0,"11":0,"12":0,"13":1,"14":0,"15":0,"16":1,"17":0,"18":1,"19":0,"20":0,"21":0,"22":0,"23":0,"24":0,"25":1,"26":0,"27":0,"28":0,"29":1,"30":0,"31":1,"32":0,"33":1,"34":0,"35":0,"36":0,"37":0,"38":1,"39":0,"40":1,"41":0,"42":1,"43":0,"44":0,"45":0,"46":0,"47":0,"48":0,"49":1,"50":0,"51":0,"52":0,"53":0,"54":0,"55":0,"56":1,"57":0,"58":0,"59":0,"60":0,"61":1,"62":0,"63":0,"64":0,"65":0,"66":0,"67":0,"68":0,"69":0,"70":0,"71":1,"72":0,"73":0,"74":0,"75":0,"76":0,"77":0,"78":0,"79":0,"80":0,"81":0,"82":1,"83":0,"84":1,"85":0,"86":0,"87":0,"88":1,"89":0},"f":{"0":0,"1":0,"2":0,"3":0,"4":0,"5":0,"6":0,"7":0,"8":0,"9":0,"10":0,"11":0,"12":0,"13":0,"14":0,"15":0,"16":0,"17":0,"18":0,"19":0,"20":0},"b":{"0":[0],"1":[0,0],"2":[0],"3":[0,0],"4":[0,0],"5":[0,0],"6":[0,0],"7":[0,0],"8":[0,0],"9":[0,0],"10":[0,0],"11":[0,0],"12":[0,0],"13":[0,0],"14":[0,0,0],"15":[0,0],"16":[0,0],"17":[0,0],"18":[0,0],"19":[0,0]},"_coverageSchema":"1a1c01bbd47fc00a2c39e90264f33305004495a9","hash":"104efcf2f82152ea6cd97520be78260b9bb91e4e","contentHash":"61be3055cfb8a0b2b0509dd5048a13c5930df84523c0f73e4eff3fc81836bce4"},"/home/guilherme/Desktop/cryptonita/futuresExchange/src/services/errorHandler/index.js":{"path":"/home/guilherme/Desktop/cryptonita/futuresExchange/src/services/errorHandler/index.js","statementMap":{"0":{"start":{"line":1,"column":13},"end":{"line":1,"column":28}},"1":{"start":{"line":2,"column":0},"end":{"line":20,"column":2}},"2":{"start":{"line":3,"column":2},"end":{"line":3,"column":17}},"3":{"start":{"line":4,"column":2},"end":{"line":19,"column":3}},"4":{"start":{"line":5,"column":4},"end":{"line":8,"column":6}},"5":{"start":{"line":9,"column":9},"end":{"line":19,"column":3}},"6":{"start":{"line":10,"column":4},"end":{"line":13,"column":6}},"7":{"start":{"line":15,"column":4},"end":{"line":18,"column":6}}},"fnMap":{"0":{"name":"(anonymous_0)","decl":{"start":{"line":2,"column":23},"end":{"line":2,"column":24}},"loc":{"start":{"line":2,"column":28},"end":{"line":20,"column":1}},"line":2}},"branchMap":{"0":{"loc":{"start":{"line":4,"column":2},"end":{"line":19,"column":3}},"type":"if","locations":[{"start":{"line":4,"column":2},"end":{"line":19,"column":3}},{"start":{"line":4,"column":2},"end":{"line":19,"column":3}}],"line":4},"1":{"loc":{"start":{"line":9,"column":9},"end":{"line":19,"column":3}},"type":"if","locations":[{"start":{"line":9,"column":9},"end":{"line":19,"column":3}},{"start":{"line":9,"column":9},"end":{"line":19,"column":3}}],"line":9},"2":{"loc":{"start":{"line":16,"column":12},"end":{"line":16,"column":38}},"type":"cond-expr","locations":[{"start":{"line":16,"column":21},"end":{"line":16,"column":27}},{"start":{"line":16,"column":30},"end":{"line":16,"column":38}}],"line":16}},"s":{"0":1,"1":1,"2":0,"3":0,"4":0,"5":0,"6":0,"7":0},"f":{"0":0},"b":{"0":[0,0],"1":[0,0],"2":[0,0]},"_coverageSchema":"1a1c01bbd47fc00a2c39e90264f33305004495a9","hash":"ad082e9ba0010d14d40de511c6ffec9342dc05a8","contentHash":"e173986b6d0414804dc40b9b192225a7713e48ba1b9c5b6eabebe00b06ec1e24"},"/home/guilherme/Desktop/cryptonita/futuresExchange/src/api/binance/instrument/controller.js":{"path":"/home/guilherme/Desktop/cryptonita/futuresExchange/src/api/binance/instrument/controller.js","statementMap":{"0":{"start":{"line":1,"column":13},"end":{"line":1,"column":28}},"1":{"start":{"line":2,"column":25},"end":{"line":2,"column":66}},"2":{"start":{"line":3,"column":26},"end":{"line":3,"column":46}},"3":{"start":{"line":5,"column":0},"end":{"line":21,"column":2}},"4":{"start":{"line":6,"column":2},"end":{"line":20,"column":3}},"5":{"start":{"line":7,"column":31},"end":{"line":7,"column":40}},"6":{"start":{"line":8,"column":42},"end":{"line":8,"column":45}},"7":{"start":{"line":9,"column":30},"end":{"line":12,"column":6}},"8":{"start":{"line":13,"column":17},"end":{"line":15,"column":5}},"9":{"start":{"line":16,"column":4},"end":{"line":16,"column":38}},"10":{"start":{"line":18,"column":18},"end":{"line":18,"column":33}},"11":{"start":{"line":19,"column":4},"end":{"line":19,"column":39}},"12":{"start":{"line":23,"column":0},"end":{"line":36,"column":2}},"13":{"start":{"line":24,"column":2},"end":{"line":35,"column":3}},"14":{"start":{"line":25,"column":42},"end":{"line":25,"column":45}},"15":{"start":{"line":26,"column":30},"end":{"line":29,"column":6}},"16":{"start":{"line":30,"column":27},"end":{"line":30,"column":61}},"17":{"start":{"line":31,"column":4},"end":{"line":31,"column":48}},"18":{"start":{"line":33,"column":18},"end":{"line":33,"column":33}},"19":{"start":{"line":34,"column":4},"end":{"line":34,"column":39}},"20":{"start":{"line":38,"column":0},"end":{"line":51,"column":2}},"21":{"start":{"line":39,"column":52},"end":{"line":39,"column":55}},"22":{"start":{"line":40,"column":2},"end":{"line":50,"column":3}},"23":{"start":{"line":41,"column":30},"end":{"line":44,"column":6}},"24":{"start":{"line":45,"column":22},"end":{"line":45,"column":70}},"25":{"start":{"line":46,"column":4},"end":{"line":46,"column":43}},"26":{"start":{"line":48,"column":18},"end":{"line":48,"column":33}},"27":{"start":{"line":49,"column":4},"end":{"line":49,"column":39}},"28":{"start":{"line":53,"column":0},"end":{"line":57,"column":2}},"29":{"start":{"line":54,"column":28},"end":{"line":54,"column":53}},"30":{"start":{"line":55,"column":18},"end":{"line":55,"column":48}},"31":{"start":{"line":56,"column":2},"end":{"line":56,"column":39}}},"fnMap":{"0":{"name":"(anonymous_0)","decl":{"start":{"line":5,"column":28},"end":{"line":5,"column":29}},"loc":{"start":{"line":5,"column":48},"end":{"line":21,"column":1}},"line":5},"1":{"name":"(anonymous_1)","decl":{"start":{"line":23,"column":25},"end":{"line":23,"column":26}},"loc":{"start":{"line":23,"column":45},"end":{"line":36,"column":1}},"line":23},"2":{"name":"(anonymous_2)","decl":{"start":{"line":38,"column":23},"end":{"line":38,"column":24}},"loc":{"start":{"line":38,"column":43},"end":{"line":51,"column":1}},"line":38},"3":{"name":"(anonymous_3)","decl":{"start":{"line":53,"column":21},"end":{"line":53,"column":22}},"loc":{"start":{"line":53,"column":41},"end":{"line":57,"column":1}},"line":53}},"branchMap":{},"s":{"0":1,"1":1,"2":1,"3":1,"4":0,"5":0,"6":0,"7":0,"8":0,"9":0,"10":0,"11":0,"12":1,"13":0,"14":0,"15":0,"16":0,"17":0,"18":0,"19":0,"20":1,"21":0,"22":0,"23":0,"24":0,"25":0,"26":0,"27":0,"28":1,"29":0,"30":0,"31":0},"f":{"0":0,"1":0,"2":0,"3":0},"b":{},"_coverageSchema":"1a1c01bbd47fc00a2c39e90264f33305004495a9","hash":"7ce86eee5fd85158e5c6389999801b5f994ebd2e","contentHash":"47887db1ae61c0f66d57a639380a39f1f10b5c6a2ec0fdbf28d892e493192434"},"/home/guilherme/Desktop/cryptonita/futuresExchange/src/api/binance/instrument/service.js":{"path":"/home/guilherme/Desktop/cryptonita/futuresExchange/src/api/binance/instrument/service.js","statementMap":{"0":{"start":{"line":5,"column":4},"end":{"line":5,"column":24}},"1":{"start":{"line":6,"column":17},"end":{"line":6,"column":40}},"2":{"start":{"line":8,"column":25},"end":{"line":8,"column":45}},"3":{"start":{"line":10,"column":37},"end":{"line":10,"column":73}},"4":{"start":{"line":14,"column":42},"end":{"line":14,"column":54}},"5":{"start":{"line":15,"column":4},"end":{"line":15,"column":29}},"6":{"start":{"line":16,"column":4},"end":{"line":16,"column":43}},"7":{"start":{"line":20,"column":25},"end":{"line":22,"column":5}},"8":{"start":{"line":23,"column":17},"end":{"line":23,"column":61}},"9":{"start":{"line":24,"column":4},"end":{"line":24,"column":16}},"10":{"start":{"line":28,"column":27},"end":{"line":28,"column":29}},"11":{"start":{"line":29,"column":4},"end":{"line":31,"column":5}},"12":{"start":{"line":30,"column":6},"end":{"line":30,"column":38}},"13":{"start":{"line":32,"column":4},"end":{"line":32,"column":26}},"14":{"start":{"line":36,"column":19},"end":{"line":36,"column":68}},"15":{"start":{"line":37,"column":21},"end":{"line":37,"column":74}},"16":{"start":{"line":38,"column":22},"end":{"line":38,"column":74}},"17":{"start":{"line":39,"column":22},"end":{"line":39,"column":78}},"18":{"start":{"line":40,"column":4},"end":{"line":40,"column":21}},"19":{"start":{"line":43,"column":4},"end":{"line":43,"column":24}},"20":{"start":{"line":46,"column":0},"end":{"line":46,"column":35}}},"fnMap":{"0":{"name":"(anonymous_0)","decl":{"start":{"line":13,"column":2},"end":{"line":13,"column":3}},"loc":{"start":{"line":13,"column":28},"end":{"line":17,"column":3}},"line":13},"1":{"name":"(anonymous_1)","decl":{"start":{"line":19,"column":2},"end":{"line":19,"column":3}},"loc":{"start":{"line":19,"column":36},"end":{"line":25,"column":3}},"line":19},"2":{"name":"(anonymous_2)","decl":{"start":{"line":27,"column":2},"end":{"line":27,"column":3}},"loc":{"start":{"line":27,"column":19},"end":{"line":33,"column":3}},"line":27},"3":{"name":"(anonymous_3)","decl":{"start":{"line":35,"column":2},"end":{"line":35,"column":3}},"loc":{"start":{"line":35,"column":33},"end":{"line":41,"column":3}},"line":35},"4":{"name":"(anonymous_4)","decl":{"start":{"line":42,"column":2},"end":{"line":42,"column":3}},"loc":{"start":{"line":42,"column":15},"end":{"line":44,"column":3}},"line":42}},"branchMap":{},"s":{"0":1,"1":1,"2":1,"3":1,"4":0,"5":0,"6":0,"7":0,"8":0,"9":0,"10":0,"11":0,"12":0,"13":0,"14":0,"15":0,"16":0,"17":0,"18":0,"19":0,"20":1},"f":{"0":0,"1":0,"2":0,"3":0,"4":0},"b":{},"_coverageSchema":"1a1c01bbd47fc00a2c39e90264f33305004495a9","hash":"95ba842c0f9ba4bf9aa1e8b63e76afc84447950f","contentHash":"493fdeb1e722df68235eb7af09eb515e4046fe9739b3572941132913e17cabf7"},"/home/guilherme/Desktop/cryptonita/futuresExchange/src/api/binance/parser.js":{"path":"/home/guilherme/Desktop/cryptonita/futuresExchange/src/api/binance/parser.js","statementMap":{"0":{"start":{"line":14,"column":4},"end":{"line":14,"column":37}},"1":{"start":{"line":16,"column":44},"end":{"line":16,"column":63}},"2":{"start":{"line":17,"column":28},"end":{"line":17,"column":61}},"3":{"start":{"line":19,"column":18},"end":{"line":19,"column":40}},"4":{"start":{"line":21,"column":0},"end":{"line":58,"column":2}},"5":{"start":{"line":22,"column":19},"end":{"line":22,"column":35}},"6":{"start":{"line":23,"column":22},"end":{"line":23,"column":26}},"7":{"start":{"line":24,"column":26},"end":{"line":26,"column":6}},"8":{"start":{"line":25,"column":9},"end":{"line":25,"column":40}},"9":{"start":{"line":27,"column":2},"end":{"line":27,"column":66}},"10":{"start":{"line":27,"column":24},"end":{"line":27,"column":66}},"11":{"start":{"line":29,"column":27},"end":{"line":29,"column":78}},"12":{"start":{"line":29,"column":47},"end":{"line":29,"column":74}},"13":{"start":{"line":30,"column":2},"end":{"line":30,"column":68}},"14":{"start":{"line":30,"column":25},"end":{"line":30,"column":68}},"15":{"start":{"line":32,"column":33},"end":{"line":34,"column":6}},"16":{"start":{"line":33,"column":9},"end":{"line":33,"column":43}},"17":{"start":{"line":35,"column":2},"end":{"line":36,"column":54}},"18":{"start":{"line":36,"column":4},"end":{"line":36,"column":54}},"19":{"start":{"line":38,"column":2},"end":{"line":57,"column":4}},"20":{"start":{"line":60,"column":0},"end":{"line":70,"column":2}},"21":{"start":{"line":61,"column":20},"end":{"line":68,"column":3}},"22":{"start":{"line":69,"column":2},"end":{"line":69,"column":19}},"23":{"start":{"line":72,"column":0},"end":{"line":79,"column":2}},"24":{"start":{"line":73,"column":18},"end":{"line":77,"column":3}},"25":{"start":{"line":78,"column":2},"end":{"line":78,"column":17}},"26":{"start":{"line":81,"column":0},"end":{"line":110,"column":2}},"27":{"start":{"line":82,"column":63},"end":{"line":82,"column":68}},"28":{"start":{"line":84,"column":17},"end":{"line":84,"column":55}},"29":{"start":{"line":86,"column":19},"end":{"line":108,"column":3}},"30":{"start":{"line":109,"column":2},"end":{"line":109,"column":18}},"31":{"start":{"line":112,"column":0},"end":{"line":170,"column":2}},"32":{"start":{"line":123,"column":6},"end":{"line":123,"column":11}},"33":{"start":{"line":124,"column":45},"end":{"line":124,"column":49}},"34":{"start":{"line":125,"column":27},"end":{"line":130,"column":3}},"35":{"start":{"line":131,"column":2},"end":{"line":136,"column":4}},"36":{"start":{"line":137,"column":28},"end":{"line":142,"column":3}},"37":{"start":{"line":143,"column":2},"end":{"line":149,"column":6}},"38":{"start":{"line":144,"column":4},"end":{"line":149,"column":6}},"39":{"start":{"line":150,"column":19},"end":{"line":168,"column":3}},"40":{"start":{"line":169,"column":2},"end":{"line":169,"column":18}},"41":{"start":{"line":172,"column":0},"end":{"line":218,"column":2}},"42":{"start":{"line":173,"column":19},"end":{"line":175,"column":7}},"43":{"start":{"line":174,"column":4},"end":{"line":174,"column":73}},"44":{"start":{"line":183,"column":6},"end":{"line":183,"column":14}},"45":{"start":{"line":184,"column":27},"end":{"line":189,"column":3}},"46":{"start":{"line":191,"column":15},"end":{"line":191,"column":45}},"47":{"start":{"line":192,"column":24},"end":{"line":192,"column":58}},"48":{"start":{"line":193,"column":22},"end":{"line":193,"column":59}},"49":{"start":{"line":194,"column":34},"end":{"line":199,"column":3}},"50":{"start":{"line":201,"column":4},"end":{"line":202,"column":35}},"51":{"start":{"line":203,"column":23},"end":{"line":203,"column":54}},"52":{"start":{"line":204,"column":27},"end":{"line":204,"column":66}},"53":{"start":{"line":205,"column":28},"end":{"line":205,"column":56}},"54":{"start":{"line":206,"column":27},"end":{"line":206,"column":67}},"55":{"start":{"line":207,"column":2},"end":{"line":217,"column":4}},"56":{"start":{"line":220,"column":0},"end":{"line":225,"column":2}},"57":{"start":{"line":221,"column":2},"end":{"line":224,"column":4}},"58":{"start":{"line":226,"column":0},"end":{"line":243,"column":2}},"59":{"start":{"line":227,"column":31},"end":{"line":227,"column":43}},"60":{"start":{"line":231,"column":6},"end":{"line":237,"column":3}},"61":{"start":{"line":238,"column":2},"end":{"line":242,"column":4}},"62":{"start":{"line":245,"column":0},"end":{"line":257,"column":2}},"63":{"start":{"line":246,"column":19},"end":{"line":246,"column":26}},"64":{"start":{"line":247,"column":26},"end":{"line":247,"column":30}},"65":{"start":{"line":248,"column":27},"end":{"line":248,"column":54}},"66":{"start":{"line":249,"column":19},"end":{"line":249,"column":75}},"67":{"start":{"line":250,"column":23},"end":{"line":250,"column":68}},"68":{"start":{"line":251,"column":2},"end":{"line":256,"column":4}},"69":{"start":{"line":259,"column":0},"end":{"line":295,"column":2}},"70":{"start":{"line":260,"column":25},"end":{"line":260,"column":34}},"71":{"start":{"line":261,"column":33},"end":{"line":266,"column":3}},"72":{"start":{"line":267,"column":32},"end":{"line":272,"column":3}},"73":{"start":{"line":273,"column":2},"end":{"line":273,"column":60}},"74":{"start":{"line":274,"column":2},"end":{"line":274,"column":58}},"75":{"start":{"line":275,"column":13},"end":{"line":275,"column":15}},"76":{"start":{"line":276,"column":12},"end":{"line":276,"column":14}},"77":{"start":{"line":277,"column":2},"end":{"line":284,"column":3}},"78":{"start":{"line":278,"column":4},"end":{"line":283,"column":7}},"79":{"start":{"line":285,"column":2},"end":{"line":292,"column":3}},"80":{"start":{"line":286,"column":4},"end":{"line":291,"column":7}},"81":{"start":{"line":294,"column":2},"end":{"line":294,"column":25}},"82":{"start":{"line":297,"column":0},"end":{"line":307,"column":2}},"83":{"start":{"line":298,"column":30},"end":{"line":298,"column":42}},"84":{"start":{"line":299,"column":26},"end":{"line":299,"column":33}},"85":{"start":{"line":300,"column":31},"end":{"line":300,"column":58}},"86":{"start":{"line":302,"column":2},"end":{"line":306,"column":4}},"87":{"start":{"line":309,"column":0},"end":{"line":315,"column":2}},"88":{"start":{"line":310,"column":40},"end":{"line":310,"column":45}},"89":{"start":{"line":311,"column":2},"end":{"line":314,"column":4}}},"fnMap":{"0":{"name":"(anonymous_0)","decl":{"start":{"line":21,"column":31},"end":{"line":21,"column":32}},"loc":{"start":{"line":21,"column":51},"end":{"line":58,"column":1}},"line":21},"1":{"name":"(anonymous_1)","decl":{"start":{"line":25,"column":4},"end":{"line":25,"column":5}},"loc":{"start":{"line":25,"column":9},"end":{"line":25,"column":40}},"line":25},"2":{"name":"(anonymous_2)","decl":{"start":{"line":29,"column":42},"end":{"line":29,"column":43}},"loc":{"start":{"line":29,"column":47},"end":{"line":29,"column":74}},"line":29},"3":{"name":"(anonymous_3)","decl":{"start":{"line":33,"column":4},"end":{"line":33,"column":5}},"loc":{"start":{"line":33,"column":9},"end":{"line":33,"column":43}},"line":33},"4":{"name":"(anonymous_4)","decl":{"start":{"line":60,"column":26},"end":{"line":60,"column":27}},"loc":{"start":{"line":60,"column":71},"end":{"line":70,"column":1}},"line":60},"5":{"name":"(anonymous_5)","decl":{"start":{"line":72,"column":24},"end":{"line":72,"column":25}},"loc":{"start":{"line":72,"column":38},"end":{"line":79,"column":1}},"line":72},"6":{"name":"(anonymous_6)","decl":{"start":{"line":81,"column":28},"end":{"line":81,"column":29}},"loc":{"start":{"line":81,"column":56},"end":{"line":110,"column":1}},"line":81},"7":{"name":"(anonymous_7)","decl":{"start":{"line":112,"column":25},"end":{"line":112,"column":26}},"loc":{"start":{"line":112,"column":53},"end":{"line":170,"column":1}},"line":112},"8":{"name":"(anonymous_8)","decl":{"start":{"line":172,"column":28},"end":{"line":172,"column":29}},"loc":{"start":{"line":172,"column":76},"end":{"line":218,"column":1}},"line":172},"9":{"name":"(anonymous_9)","decl":{"start":{"line":173,"column":36},"end":{"line":173,"column":37}},"loc":{"start":{"line":173,"column":41},"end":{"line":175,"column":3}},"line":173},"10":{"name":"(anonymous_10)","decl":{"start":{"line":220,"column":28},"end":{"line":220,"column":29}},"loc":{"start":{"line":220,"column":72},"end":{"line":225,"column":1}},"line":220},"11":{"name":"(anonymous_11)","decl":{"start":{"line":226,"column":28},"end":{"line":226,"column":29}},"loc":{"start":{"line":226,"column":63},"end":{"line":243,"column":1}},"line":226},"12":{"name":"(anonymous_12)","decl":{"start":{"line":245,"column":27},"end":{"line":245,"column":28}},"loc":{"start":{"line":245,"column":51},"end":{"line":257,"column":1}},"line":245},"13":{"name":"(anonymous_13)","decl":{"start":{"line":259,"column":29},"end":{"line":259,"column":30}},"loc":{"start":{"line":259,"column":77},"end":{"line":295,"column":1}},"line":259},"14":{"name":"(anonymous_14)","decl":{"start":{"line":297,"column":27},"end":{"line":297,"column":28}},"loc":{"start":{"line":297,"column":54},"end":{"line":307,"column":1}},"line":297},"15":{"name":"(anonymous_15)","decl":{"start":{"line":309,"column":24},"end":{"line":309,"column":25}},"loc":{"start":{"line":309,"column":33},"end":{"line":315,"column":1}},"line":309}},"branchMap":{"0":{"loc":{"start":{"line":27,"column":2},"end":{"line":27,"column":66}},"type":"if","locations":[{"start":{"line":27,"column":2},"end":{"line":27,"column":66}},{"start":{"line":27,"column":2},"end":{"line":27,"column":66}}],"line":27},"1":{"loc":{"start":{"line":30,"column":2},"end":{"line":30,"column":68}},"type":"if","locations":[{"start":{"line":30,"column":2},"end":{"line":30,"column":68}},{"start":{"line":30,"column":2},"end":{"line":30,"column":68}}],"line":30},"2":{"loc":{"start":{"line":35,"column":2},"end":{"line":36,"column":54}},"type":"if","locations":[{"start":{"line":35,"column":2},"end":{"line":36,"column":54}},{"start":{"line":35,"column":2},"end":{"line":36,"column":54}}],"line":35},"3":{"loc":{"start":{"line":95,"column":8},"end":{"line":102,"column":5}},"type":"binary-expr","locations":[{"start":{"line":95,"column":8},"end":{"line":95,"column":13}},{"start":{"line":95,"column":17},"end":{"line":102,"column":5}}],"line":95},"4":{"loc":{"start":{"line":105,"column":8},"end":{"line":107,"column":5}},"type":"binary-expr","locations":[{"start":{"line":105,"column":8},"end":{"line":105,"column":30}},{"start":{"line":105,"column":34},"end":{"line":107,"column":5}}],"line":105},"5":{"loc":{"start":{"line":143,"column":2},"end":{"line":149,"column":6}},"type":"if","locations":[{"start":{"line":143,"column":2},"end":{"line":149,"column":6}},{"start":{"line":143,"column":2},"end":{"line":149,"column":6}}],"line":143},"6":{"loc":{"start":{"line":164,"column":10},"end":{"line":164,"column":44}},"type":"cond-expr","locations":[{"start":{"line":164,"column":32},"end":{"line":164,"column":37}},{"start":{"line":164,"column":40},"end":{"line":164,"column":44}}],"line":164},"7":{"loc":{"start":{"line":165,"column":8},"end":{"line":167,"column":5}},"type":"binary-expr","locations":[{"start":{"line":165,"column":8},"end":{"line":165,"column":17}},{"start":{"line":165,"column":21},"end":{"line":167,"column":5}}],"line":165},"8":{"loc":{"start":{"line":206,"column":27},"end":{"line":206,"column":67}},"type":"cond-expr","locations":[{"start":{"line":206,"column":55},"end":{"line":206,"column":59}},{"start":{"line":206,"column":62},"end":{"line":206,"column":67}}],"line":206}},"s":{"0":1,"1":1,"2":1,"3":1,"4":1,"5":0,"6":0,"7":0,"8":0,"9":0,"10":0,"11":0,"12":0,"13":0,"14":0,"15":0,"16":0,"17":0,"18":0,"19":0,"20":1,"21":0,"22":0,"23":1,"24":0,"25":0,"26":1,"27":0,"28":0,"29":0,"30":0,"31":1,"32":0,"33":0,"34":0,"35":0,"36":0,"37":0,"38":0,"39":0,"40":0,"41":1,"42":0,"43":0,"44":0,"45":0,"46":0,"47":0,"48":0,"49":0,"50":0,"51":0,"52":0,"53":0,"54":0,"55":0,"56":1,"57":0,"58":1,"59":0,"60":0,"61":0,"62":1,"63":0,"64":0,"65":0,"66":0,"67":0,"68":0,"69":1,"70":0,"71":0,"72":0,"73":0,"74":0,"75":0,"76":0,"77":0,"78":0,"79":0,"80":0,"81":0,"82":1,"83":0,"84":0,"85":0,"86":0,"87":1,"88":0,"89":0},"f":{"0":0,"1":0,"2":0,"3":0,"4":0,"5":0,"6":0,"7":0,"8":0,"9":0,"10":0,"11":0,"12":0,"13":0,"14":0,"15":0},"b":{"0":[0,0],"1":[0,0],"2":[0,0],"3":[0,0],"4":[0,0],"5":[0,0],"6":[0,0],"7":[0,0],"8":[0,0]},"_coverageSchema":"1a1c01bbd47fc00a2c39e90264f33305004495a9","hash":"d76521a5ffeedd03326ef69cd45adf0fd303d268","contentHash":"22853492aa381e4d61426a24c378ef488ac1e965894a739ac987b0dc44e0c896"},"/home/guilherme/Desktop/cryptonita/futuresExchange/src/api/binance/helper.js":{"path":"/home/guilherme/Desktop/cryptonita/futuresExchange/src/api/binance/helper.js","statementMap":{"0":{"start":{"line":5,"column":4},"end":{"line":5,"column":37}},"1":{"start":{"line":6,"column":0},"end":{"line":11,"column":2}},"2":{"start":{"line":7,"column":23},"end":{"line":9,"column":4}},"3":{"start":{"line":10,"column":2},"end":{"line":10,"column":32}},"4":{"start":{"line":12,"column":0},"end":{"line":17,"column":2}},"5":{"start":{"line":13,"column":23},"end":{"line":15,"column":4}},"6":{"start":{"line":16,"column":2},"end":{"line":16,"column":22}},"7":{"start":{"line":19,"column":0},"end":{"line":45,"column":2}},"8":{"start":{"line":20,"column":61},"end":{"line":20,"column":66}},"9":{"start":{"line":21,"column":2},"end":{"line":21,"column":26}},"10":{"start":{"line":22,"column":2},"end":{"line":44,"column":4}},"11":{"start":{"line":47,"column":0},"end":{"line":50,"column":2}},"12":{"start":{"line":48,"column":29},"end":{"line":48,"column":34}},"13":{"start":{"line":49,"column":2},"end":{"line":49,"column":73}}},"fnMap":{"0":{"name":"(anonymous_0)","decl":{"start":{"line":6,"column":23},"end":{"line":6,"column":24}},"loc":{"start":{"line":6,"column":55},"end":{"line":11,"column":1}},"line":6},"1":{"name":"(anonymous_1)","decl":{"start":{"line":12,"column":26},"end":{"line":12,"column":27}},"loc":{"start":{"line":12,"column":58},"end":{"line":17,"column":1}},"line":12},"2":{"name":"(anonymous_2)","decl":{"start":{"line":19,"column":25},"end":{"line":19,"column":26}},"loc":{"start":{"line":19,"column":53},"end":{"line":45,"column":1}},"line":19},"3":{"name":"(anonymous_3)","decl":{"start":{"line":47,"column":26},"end":{"line":47,"column":27}},"loc":{"start":{"line":47,"column":35},"end":{"line":50,"column":1}},"line":47}},"branchMap":{"0":{"loc":{"start":{"line":23,"column":8},"end":{"line":25,"column":5}},"type":"binary-expr","locations":[{"start":{"line":23,"column":8},"end":{"line":23,"column":16}},{"start":{"line":23,"column":20},"end":{"line":25,"column":5}}],"line":23},"1":{"loc":{"start":{"line":26,"column":8},"end":{"line":33,"column":5}},"type":"binary-expr","locations":[{"start":{"line":26,"column":8},"end":{"line":26,"column":13}},{"start":{"line":26,"column":17},"end":{"line":33,"column":5}}],"line":26},"2":{"loc":{"start":{"line":34,"column":8},"end":{"line":43,"column":7}},"type":"binary-expr","locations":[{"start":{"line":34,"column":8},"end":{"line":34,"column":30}},{"start":{"line":35,"column":6},"end":{"line":35,"column":15}},{"start":{"line":35,"column":19},"end":{"line":43,"column":7}}],"line":34},"3":{"loc":{"start":{"line":49,"column":9},"end":{"line":49,"column":72}},"type":"cond-expr","locations":[{"start":{"line":49,"column":33},"end":{"line":49,"column":37}},{"start":{"line":49,"column":40},"end":{"line":49,"column":72}}],"line":49},"4":{"loc":{"start":{"line":49,"column":40},"end":{"line":49,"column":72}},"type":"cond-expr","locations":[{"start":{"line":49,"column":60},"end":{"line":49,"column":64}},{"start":{"line":49,"column":67},"end":{"line":49,"column":72}}],"line":49},"5":{"loc":{"start":{"line":49,"column":40},"end":{"line":49,"column":57}},"type":"binary-expr","locations":[{"start":{"line":49,"column":40},"end":{"line":49,"column":45}},{"start":{"line":49,"column":49},"end":{"line":49,"column":57}}],"line":49}},"s":{"0":1,"1":1,"2":0,"3":0,"4":1,"5":0,"6":0,"7":1,"8":0,"9":0,"10":0,"11":1,"12":0,"13":0},"f":{"0":0,"1":0,"2":0,"3":0},"b":{"0":[0,0],"1":[0,0],"2":[0,0,0],"3":[0,0],"4":[0,0],"5":[0,0]},"_coverageSchema":"1a1c01bbd47fc00a2c39e90264f33305004495a9","hash":"c2ac7b0d8694b426a30e94b282c34843843b970d","contentHash":"404daa5bb0fe2beea1c06176adad73ff934e62a613786f1c11ca9d9f4848ee0f"},"/home/guilherme/Desktop/cryptonita/futuresExchange/src/api/binance/variables.js":{"path":"/home/guilherme/Desktop/cryptonita/futuresExchange/src/api/binance/variables.js","statementMap":{"0":{"start":{"line":1,"column":0},"end":{"line":7,"column":2}},"1":{"start":{"line":8,"column":0},"end":{"line":10,"column":2}},"2":{"start":{"line":12,"column":0},"end":{"line":14,"column":2}},"3":{"start":{"line":16,"column":0},"end":{"line":18,"column":2}},"4":{"start":{"line":19,"column":0},"end":{"line":21,"column":2}}},"fnMap":{},"branchMap":{},"s":{"0":1,"1":1,"2":1,"3":1,"4":1},"f":{},"b":{},"_coverageSchema":"1a1c01bbd47fc00a2c39e90264f33305004495a9","hash":"4f99bdf0b84a5e905d15e0d8cd76ad64c8da12da","contentHash":"220d7a397b51d24dfa3cee134f42601364d3ed3160378671c6c5ff3102e9b972"},"/home/guilherme/Desktop/cryptonita/futuresExchange/src/api/binance/orderBook/index.js":{"path":"/home/guilherme/Desktop/cryptonita/futuresExchange/src/api/binance/orderBook/index.js","statementMap":{"0":{"start":{"line":1,"column":19},"end":{"line":1,"column":37}},"1":{"start":{"line":2,"column":30},"end":{"line":2,"column":57}},"2":{"start":{"line":3,"column":15},"end":{"line":3,"column":27}},"3":{"start":{"line":4,"column":25},"end":{"line":4,"column":48}},"4":{"start":{"line":5,"column":0},"end":{"line":5,"column":49}},"5":{"start":{"line":7,"column":0},"end":{"line":7,"column":24}}},"fnMap":{},"branchMap":{},"s":{"0":1,"1":1,"2":1,"3":1,"4":1,"5":1},"f":{},"b":{},"_coverageSchema":"1a1c01bbd47fc00a2c39e90264f33305004495a9","hash":"e1d5c55ba52ea73a064dff5ab761bf2816ebf051","contentHash":"bc6be986e1c2696961dec35ab4c14f587b51dd5c9153d077c9253f64bed5a72d"},"/home/guilherme/Desktop/cryptonita/futuresExchange/src/api/binance/orderBook/controller.js":{"path":"/home/guilherme/Desktop/cryptonita/futuresExchange/src/api/binance/orderBook/controller.js","statementMap":{"0":{"start":{"line":1,"column":13},"end":{"line":1,"column":28}},"1":{"start":{"line":2,"column":25},"end":{"line":2,"column":66}},"2":{"start":{"line":3,"column":25},"end":{"line":3,"column":45}},"3":{"start":{"line":5,"column":0},"end":{"line":19,"column":2}},"4":{"start":{"line":6,"column":2},"end":{"line":18,"column":3}},"5":{"start":{"line":7,"column":31},"end":{"line":7,"column":40}},"6":{"start":{"line":8,"column":42},"end":{"line":8,"column":45}},"7":{"start":{"line":9,"column":29},"end":{"line":12,"column":6}},"8":{"start":{"line":13,"column":22},"end":{"line":13,"column":73}},"9":{"start":{"line":14,"column":4},"end":{"line":14,"column":43}},"10":{"start":{"line":16,"column":18},"end":{"line":16,"column":33}},"11":{"start":{"line":17,"column":4},"end":{"line":17,"column":39}}},"fnMap":{"0":{"name":"(anonymous_0)","decl":{"start":{"line":5,"column":23},"end":{"line":5,"column":24}},"loc":{"start":{"line":5,"column":43},"end":{"line":19,"column":1}},"line":5}},"branchMap":{},"s":{"0":1,"1":1,"2":1,"3":1,"4":0,"5":0,"6":0,"7":0,"8":0,"9":0,"10":0,"11":0},"f":{"0":0},"b":{},"_coverageSchema":"1a1c01bbd47fc00a2c39e90264f33305004495a9","hash":"709a0f6eaa12d4d505638790ba94ea94fa9996a5","contentHash":"5d5f10683dbb5570f7265b9f7ef226c2dfe4c13660e07d1a29c78024b41f91fa"},"/home/guilherme/Desktop/cryptonita/futuresExchange/src/api/binance/orderBook/service.js":{"path":"/home/guilherme/Desktop/cryptonita/futuresExchange/src/api/binance/orderBook/service.js","statementMap":{"0":{"start":{"line":1,"column":25},"end":{"line":1,"column":61}},"1":{"start":{"line":2,"column":31},"end":{"line":2,"column":51}},"2":{"start":{"line":6,"column":42},"end":{"line":6,"column":54}},"3":{"start":{"line":7,"column":4},"end":{"line":7,"column":29}},"4":{"start":{"line":8,"column":4},"end":{"line":8,"column":43}},"5":{"start":{"line":11,"column":22},"end":{"line":11,"column":71}},"6":{"start":{"line":12,"column":28},"end":{"line":16,"column":5}},"7":{"start":{"line":17,"column":4},"end":{"line":17,"column":27}},"8":{"start":{"line":20,"column":0},"end":{"line":20,"column":34}}},"fnMap":{"0":{"name":"(anonymous_0)","decl":{"start":{"line":5,"column":2},"end":{"line":5,"column":3}},"loc":{"start":{"line":5,"column":28},"end":{"line":9,"column":3}},"line":5},"1":{"name":"(anonymous_1)","decl":{"start":{"line":10,"column":2},"end":{"line":10,"column":3}},"loc":{"start":{"line":10,"column":37},"end":{"line":18,"column":3}},"line":10}},"branchMap":{},"s":{"0":1,"1":1,"2":0,"3":0,"4":0,"5":0,"6":0,"7":0,"8":1},"f":{"0":0,"1":0},"b":{},"_coverageSchema":"1a1c01bbd47fc00a2c39e90264f33305004495a9","hash":"d92a606e8bb4a39e96369e621194ecbea49dc3f4","contentHash":"7a5dcd9290f1e0fbc1abf33832e54f8a312515c4ecec79704cc1a98bdf87bfdd"},"/home/guilherme/Desktop/cryptonita/futuresExchange/src/api/binance/order/index.js":{"path":"/home/guilherme/Desktop/cryptonita/futuresExchange/src/api/binance/order/index.js","statementMap":{"0":{"start":{"line":1,"column":19},"end":{"line":1,"column":37}},"1":{"start":{"line":2,"column":30},"end":{"line":2,"column":57}},"2":{"start":{"line":3,"column":15},"end":{"line":3,"column":27}},"3":{"start":{"line":12,"column":4},"end":{"line":12,"column":27}},"4":{"start":{"line":13,"column":0},"end":{"line":13,"column":49}},"5":{"start":{"line":14,"column":0},"end":{"line":14,"column":63}},"6":{"start":{"line":15,"column":0},"end":{"line":15,"column":45}},"7":{"start":{"line":16,"column":0},"end":{"line":16,"column":57}},"8":{"start":{"line":17,"column":0},"end":{"line":17,"column":52}},"9":{"start":{"line":18,"column":0},"end":{"line":18,"column":51}},"10":{"start":{"line":19,"column":0},"end":{"line":19,"column":48}},"11":{"start":{"line":21,"column":0},"end":{"line":21,"column":24}}},"fnMap":{},"branchMap":{},"s":{"0":1,"1":1,"2":1,"3":1,"4":1,"5":1,"6":1,"7":1,"8":1,"9":1,"10":1,"11":1},"f":{},"b":{},"_coverageSchema":"1a1c01bbd47fc00a2c39e90264f33305004495a9","hash":"9a9ebfdb2b4f77f6df6bfb5874d1683ee700414f","contentHash":"053f6204cd1ffe501e5af700ecfa945d7565754893348af2111b99b99efa236b"},"/home/guilherme/Desktop/cryptonita/futuresExchange/src/api/binance/order/controller.js":{"path":"/home/guilherme/Desktop/cryptonita/futuresExchange/src/api/binance/order/controller.js","statementMap":{"0":{"start":{"line":1,"column":25},"end":{"line":1,"column":66}},"1":{"start":{"line":2,"column":21},"end":{"line":2,"column":41}},"2":{"start":{"line":4,"column":0},"end":{"line":17,"column":2}},"3":{"start":{"line":5,"column":2},"end":{"line":16,"column":3}},"4":{"start":{"line":6,"column":48},"end":{"line":6,"column":51}},"5":{"start":{"line":7,"column":25},"end":{"line":10,"column":6}},"6":{"start":{"line":11,"column":18},"end":{"line":11,"column":54}},"7":{"start":{"line":12,"column":4},"end":{"line":12,"column":39}},"8":{"start":{"line":14,"column":18},"end":{"line":14,"column":33}},"9":{"start":{"line":15,"column":4},"end":{"line":15,"column":39}},"10":{"start":{"line":19,"column":0},"end":{"line":34,"column":2}},"11":{"start":{"line":20,"column":2},"end":{"line":33,"column":3}},"12":{"start":{"line":21,"column":49},"end":{"line":21,"column":52}},"13":{"start":{"line":22,"column":40},"end":{"line":22,"column":45}},"14":{"start":{"line":24,"column":25},"end":{"line":27,"column":6}},"15":{"start":{"line":28,"column":18},"end":{"line":28,"column":70}},"16":{"start":{"line":29,"column":4},"end":{"line":29,"column":39}},"17":{"start":{"line":31,"column":18},"end":{"line":31,"column":33}},"18":{"start":{"line":32,"column":4},"end":{"line":32,"column":39}},"19":{"start":{"line":35,"column":0},"end":{"line":50,"column":2}},"20":{"start":{"line":36,"column":2},"end":{"line":49,"column":3}},"21":{"start":{"line":37,"column":49},"end":{"line":37,"column":52}},"22":{"start":{"line":38,"column":31},"end":{"line":38,"column":36}},"23":{"start":{"line":40,"column":25},"end":{"line":43,"column":6}},"24":{"start":{"line":44,"column":18},"end":{"line":44,"column":65}},"25":{"start":{"line":45,"column":4},"end":{"line":45,"column":39}},"26":{"start":{"line":47,"column":18},"end":{"line":47,"column":33}},"27":{"start":{"line":48,"column":4},"end":{"line":48,"column":39}},"28":{"start":{"line":51,"column":0},"end":{"line":66,"column":2}},"29":{"start":{"line":52,"column":2},"end":{"line":65,"column":3}},"30":{"start":{"line":53,"column":49},"end":{"line":53,"column":52}},"31":{"start":{"line":54,"column":31},"end":{"line":54,"column":36}},"32":{"start":{"line":56,"column":25},"end":{"line":59,"column":6}},"33":{"start":{"line":60,"column":18},"end":{"line":60,"column":69}},"34":{"start":{"line":61,"column":4},"end":{"line":61,"column":39}},"35":{"start":{"line":63,"column":18},"end":{"line":63,"column":33}},"36":{"start":{"line":64,"column":4},"end":{"line":64,"column":39}},"37":{"start":{"line":68,"column":0},"end":{"line":86,"column":2}},"38":{"start":{"line":69,"column":2},"end":{"line":85,"column":3}},"39":{"start":{"line":70,"column":49},"end":{"line":70,"column":52}},"40":{"start":{"line":71,"column":40},"end":{"line":71,"column":45}},"41":{"start":{"line":73,"column":25},"end":{"line":76,"column":6}},"42":{"start":{"line":77,"column":26},"end":{"line":80,"column":5}},"43":{"start":{"line":81,"column":4},"end":{"line":81,"column":47}},"44":{"start":{"line":83,"column":18},"end":{"line":83,"column":33}},"45":{"start":{"line":84,"column":4},"end":{"line":84,"column":39}},"46":{"start":{"line":88,"column":0},"end":{"line":101,"column":2}},"47":{"start":{"line":89,"column":2},"end":{"line":100,"column":3}},"48":{"start":{"line":90,"column":48},"end":{"line":90,"column":51}},"49":{"start":{"line":91,"column":25},"end":{"line":94,"column":6}},"50":{"start":{"line":95,"column":18},"end":{"line":95,"column":54}},"51":{"start":{"line":96,"column":4},"end":{"line":96,"column":39}},"52":{"start":{"line":98,"column":18},"end":{"line":98,"column":33}},"53":{"start":{"line":99,"column":4},"end":{"line":99,"column":39}},"54":{"start":{"line":103,"column":0},"end":{"line":119,"column":2}},"55":{"start":{"line":104,"column":47},"end":{"line":104,"column":50}},"56":{"start":{"line":105,"column":29},"end":{"line":105,"column":34}},"57":{"start":{"line":107,"column":23},"end":{"line":110,"column":4}},"58":{"start":{"line":111,"column":2},"end":{"line":118,"column":3}},"59":{"start":{"line":112,"column":26},"end":{"line":112,"column":76}},"60":{"start":{"line":113,"column":4},"end":{"line":113,"column":47}},"61":{"start":{"line":115,"column":18},"end":{"line":115,"column":33}},"62":{"start":{"line":116,"column":4},"end":{"line":116,"column":79}},"63":{"start":{"line":116,"column":47},"end":{"line":116,"column":79}},"64":{"start":{"line":117,"column":4},"end":{"line":117,"column":39}}},"fnMap":{"0":{"name":"(anonymous_0)","decl":{"start":{"line":4,"column":22},"end":{"line":4,"column":23}},"loc":{"start":{"line":4,"column":42},"end":{"line":17,"column":1}},"line":4},"1":{"name":"(anonymous_1)","decl":{"start":{"line":19,"column":19},"end":{"line":19,"column":20}},"loc":{"start":{"line":19,"column":39},"end":{"line":34,"column":1}},"line":19},"2":{"name":"(anonymous_2)","decl":{"start":{"line":35,"column":23},"end":{"line":35,"column":24}},"loc":{"start":{"line":35,"column":43},"end":{"line":50,"column":1}},"line":35},"3":{"name":"(anonymous_3)","decl":{"start":{"line":51,"column":27},"end":{"line":51,"column":28}},"loc":{"start":{"line":51,"column":47},"end":{"line":66,"column":1}},"line":51},"4":{"name":"(anonymous_4)","decl":{"start":{"line":68,"column":22},"end":{"line":68,"column":23}},"loc":{"start":{"line":68,"column":42},"end":{"line":86,"column":1}},"line":68},"5":{"name":"(anonymous_5)","decl":{"start":{"line":88,"column":22},"end":{"line":88,"column":23}},"loc":{"start":{"line":88,"column":42},"end":{"line":101,"column":1}},"line":88},"6":{"name":"(anonymous_6)","decl":{"start":{"line":103,"column":26},"end":{"line":103,"column":27}},"loc":{"start":{"line":103,"column":46},"end":{"line":119,"column":1}},"line":103}},"branchMap":{"0":{"loc":{"start":{"line":116,"column":4},"end":{"line":116,"column":79}},"type":"if","locations":[{"start":{"line":116,"column":4},"end":{"line":116,"column":79}},{"start":{"line":116,"column":4},"end":{"line":116,"column":79}}],"line":116}},"s":{"0":1,"1":1,"2":1,"3":0,"4":0,"5":0,"6":0,"7":0,"8":0,"9":0,"10":1,"11":0,"12":0,"13":0,"14":0,"15":0,"16":0,"17":0,"18":0,"19":1,"20":0,"21":0,"22":0,"23":0,"24":0,"25":0,"26":0,"27":0,"28":1,"29":0,"30":0,"31":0,"32":0,"33":0,"34":0,"35":0,"36":0,"37":1,"38":0,"39":0,"40":0,"41":0,"42":0,"43":0,"44":0,"45":0,"46":1,"47":0,"48":0,"49":0,"50":0,"51":0,"52":0,"53":0,"54":1,"55":0,"56":0,"57":0,"58":0,"59":0,"60":0,"61":0,"62":0,"63":0,"64":0},"f":{"0":0,"1":0,"2":0,"3":0,"4":0,"5":0,"6":0},"b":{"0":[0,0]},"_coverageSchema":"1a1c01bbd47fc00a2c39e90264f33305004495a9","hash":"95c71cafde687478360192534a0b08ec6db7d006","contentHash":"a1bb7a138a46b9a804b563e587edb942a70764cc63479f9744b43e7d206bea06"},"/home/guilherme/Desktop/cryptonita/futuresExchange/src/api/binance/order/service.js":{"path":"/home/guilherme/Desktop/cryptonita/futuresExchange/src/api/binance/order/service.js","statementMap":{"0":{"start":{"line":1,"column":46},"end":{"line":1,"column":66}},"1":{"start":{"line":2,"column":28},"end":{"line":2,"column":64}},"2":{"start":{"line":6,"column":42},"end":{"line":6,"column":54}},"3":{"start":{"line":7,"column":4},"end":{"line":7,"column":29}},"4":{"start":{"line":8,"column":4},"end":{"line":8,"column":43}},"5":{"start":{"line":19,"column":8},"end":{"line":19,"column":58}},"6":{"start":{"line":20,"column":18},"end":{"line":27,"column":5}},"7":{"start":{"line":28,"column":4},"end":{"line":28,"column":55}},"8":{"start":{"line":31,"column":18},"end":{"line":31,"column":73}},"9":{"start":{"line":32,"column":24},"end":{"line":32,"column":67}},"10":{"start":{"line":33,"column":4},"end":{"line":33,"column":23}},"11":{"start":{"line":36,"column":19},"end":{"line":36,"column":66}},"12":{"start":{"line":37,"column":22},"end":{"line":37,"column":24}},"13":{"start":{"line":38,"column":4},"end":{"line":41,"column":5}},"14":{"start":{"line":39,"column":26},"end":{"line":39,"column":69}},"15":{"start":{"line":40,"column":6},"end":{"line":40,"column":34}},"16":{"start":{"line":42,"column":4},"end":{"line":42,"column":21}},"17":{"start":{"line":45,"column":19},"end":{"line":45,"column":70}},"18":{"start":{"line":46,"column":22},"end":{"line":46,"column":24}},"19":{"start":{"line":47,"column":4},"end":{"line":50,"column":5}},"20":{"start":{"line":48,"column":26},"end":{"line":48,"column":69}},"21":{"start":{"line":49,"column":6},"end":{"line":49,"column":34}},"22":{"start":{"line":51,"column":4},"end":{"line":51,"column":21}},"23":{"start":{"line":54,"column":26},"end":{"line":57,"column":5}},"24":{"start":{"line":59,"column":4},"end":{"line":59,"column":63}},"25":{"start":{"line":62,"column":27},"end":{"line":64,"column":6}},"26":{"start":{"line":67,"column":4},"end":{"line":67,"column":26}},"27":{"start":{"line":70,"column":40},"end":{"line":70,"column":49}},"28":{"start":{"line":71,"column":4},"end":{"line":71,"column":52}},"29":{"start":{"line":72,"column":25},"end":{"line":72,"column":58}},"30":{"start":{"line":73,"column":4},"end":{"line":73,"column":24}},"31":{"start":{"line":77,"column":4},"end":{"line":79,"column":5}},"32":{"start":{"line":78,"column":6},"end":{"line":78,"column":18}},"33":{"start":{"line":80,"column":4},"end":{"line":80,"column":17}},"34":{"start":{"line":84,"column":0},"end":{"line":84,"column":30}}},"fnMap":{"0":{"name":"(anonymous_0)","decl":{"start":{"line":5,"column":2},"end":{"line":5,"column":3}},"loc":{"start":{"line":5,"column":28},"end":{"line":9,"column":3}},"line":5},"1":{"name":"(anonymous_1)","decl":{"start":{"line":10,"column":2},"end":{"line":10,"column":3}},"loc":{"start":{"line":10,"column":31},"end":{"line":29,"column":3}},"line":10},"2":{"name":"(anonymous_2)","decl":{"start":{"line":30,"column":2},"end":{"line":30,"column":3}},"loc":{"start":{"line":30,"column":42},"end":{"line":34,"column":3}},"line":30},"3":{"name":"(anonymous_3)","decl":{"start":{"line":35,"column":2},"end":{"line":35,"column":3}},"loc":{"start":{"line":35,"column":37},"end":{"line":43,"column":3}},"line":35},"4":{"name":"(anonymous_4)","decl":{"start":{"line":44,"column":2},"end":{"line":44,"column":3}},"loc":{"start":{"line":44,"column":41},"end":{"line":52,"column":3}},"line":44},"5":{"name":"(anonymous_5)","decl":{"start":{"line":53,"column":2},"end":{"line":53,"column":3}},"loc":{"start":{"line":53,"column":36},"end":{"line":60,"column":3}},"line":53},"6":{"name":"(anonymous_6)","decl":{"start":{"line":61,"column":2},"end":{"line":61,"column":3}},"loc":{"start":{"line":61,"column":40},"end":{"line":68,"column":3}},"line":61},"7":{"name":"(anonymous_7)","decl":{"start":{"line":69,"column":2},"end":{"line":69,"column":3}},"loc":{"start":{"line":69,"column":31},"end":{"line":74,"column":3}},"line":69},"8":{"name":"(anonymous_8)","decl":{"start":{"line":76,"column":2},"end":{"line":76,"column":3}},"loc":{"start":{"line":76,"column":27},"end":{"line":81,"column":3}},"line":76}},"branchMap":{"0":{"loc":{"start":{"line":77,"column":4},"end":{"line":79,"column":5}},"type":"if","locations":[{"start":{"line":77,"column":4},"end":{"line":79,"column":5}},{"start":{"line":77,"column":4},"end":{"line":79,"column":5}}],"line":77},"1":{"loc":{"start":{"line":77,"column":8},"end":{"line":77,"column":63}},"type":"binary-expr","locations":[{"start":{"line":77,"column":8},"end":{"line":77,"column":34}},{"start":{"line":77,"column":38},"end":{"line":77,"column":63}}],"line":77}},"s":{"0":1,"1":1,"2":0,"3":0,"4":0,"5":0,"6":0,"7":0,"8":0,"9":0,"10":0,"11":0,"12":0,"13":0,"14":0,"15":0,"16":0,"17":0,"18":0,"19":0,"20":0,"21":0,"22":0,"23":0,"24":0,"25":0,"26":0,"27":0,"28":0,"29":0,"30":0,"31":0,"32":0,"33":0,"34":1},"f":{"0":0,"1":0,"2":0,"3":0,"4":0,"5":0,"6":0,"7":0,"8":0},"b":{"0":[0,0],"1":[0,0]},"_coverageSchema":"1a1c01bbd47fc00a2c39e90264f33305004495a9","hash":"9343e123c014b8cedf6e98811a330fd0098c2e7b","contentHash":"b6f2ead61c33261b533c69d59fb6839ca7e535f186b295a46db47a873f4ea2e3"},"/home/guilherme/Desktop/cryptonita/futuresExchange/src/api/binance/position/index.js":{"path":"/home/guilherme/Desktop/cryptonita/futuresExchange/src/api/binance/position/index.js","statementMap":{"0":{"start":{"line":1,"column":19},"end":{"line":1,"column":37}},"1":{"start":{"line":2,"column":30},"end":{"line":2,"column":57}},"2":{"start":{"line":4,"column":15},"end":{"line":4,"column":27}},"3":{"start":{"line":5,"column":24},"end":{"line":5,"column":47}},"4":{"start":{"line":6,"column":0},"end":{"line":6,"column":48}},"5":{"start":{"line":8,"column":0},"end":{"line":8,"column":24}}},"fnMap":{},"branchMap":{},"s":{"0":1,"1":1,"2":1,"3":1,"4":1,"5":1},"f":{},"b":{},"_coverageSchema":"1a1c01bbd47fc00a2c39e90264f33305004495a9","hash":"a55957d5142521162cc01a69deb3e79135f634bc","contentHash":"e8da880543988a922c1c9f5d4f3dac710f26aefc1729c1a69a1745895c514f9b"},"/home/guilherme/Desktop/cryptonita/futuresExchange/src/api/binance/position/controller.js":{"path":"/home/guilherme/Desktop/cryptonita/futuresExchange/src/api/binance/position/controller.js","statementMap":{"0":{"start":{"line":1,"column":25},"end":{"line":1,"column":66}},"1":{"start":{"line":2,"column":24},"end":{"line":2,"column":44}},"2":{"start":{"line":4,"column":0},"end":{"line":19,"column":2}},"3":{"start":{"line":5,"column":2},"end":{"line":18,"column":3}},"4":{"start":{"line":6,"column":49},"end":{"line":6,"column":52}},"5":{"start":{"line":7,"column":31},"end":{"line":7,"column":36}},"6":{"start":{"line":9,"column":28},"end":{"line":12,"column":6}},"7":{"start":{"line":13,"column":21},"end":{"line":13,"column":70}},"8":{"start":{"line":14,"column":4},"end":{"line":14,"column":42}},"9":{"start":{"line":16,"column":18},"end":{"line":16,"column":33}},"10":{"start":{"line":17,"column":4},"end":{"line":17,"column":39}}},"fnMap":{"0":{"name":"(anonymous_0)","decl":{"start":{"line":4,"column":22},"end":{"line":4,"column":23}},"loc":{"start":{"line":4,"column":42},"end":{"line":19,"column":1}},"line":4}},"branchMap":{},"s":{"0":1,"1":1,"2":1,"3":0,"4":0,"5":0,"6":0,"7":0,"8":0,"9":0,"10":0},"f":{"0":0},"b":{},"_coverageSchema":"1a1c01bbd47fc00a2c39e90264f33305004495a9","hash":"68728ec4101afb2fbdade21d7dea81deddaa447f","contentHash":"bc32feb5762816c7e09c848af5a8830cb1bc6cc2a28ed7836eb46bff6d094c4a"},"/home/guilherme/Desktop/cryptonita/futuresExchange/src/api/binance/position/service.js":{"path":"/home/guilherme/Desktop/cryptonita/futuresExchange/src/api/binance/position/service.js","statementMap":{"0":{"start":{"line":1,"column":30},"end":{"line":1,"column":50}},"1":{"start":{"line":5,"column":42},"end":{"line":5,"column":54}},"2":{"start":{"line":6,"column":4},"end":{"line":6,"column":29}},"3":{"start":{"line":7,"column":4},"end":{"line":7,"column":43}},"4":{"start":{"line":10,"column":22},"end":{"line":10,"column":70}},"5":{"start":{"line":11,"column":27},"end":{"line":15,"column":5}},"6":{"start":{"line":17,"column":4},"end":{"line":17,"column":26}},"7":{"start":{"line":21,"column":0},"end":{"line":21,"column":33}}},"fnMap":{"0":{"name":"(anonymous_0)","decl":{"start":{"line":4,"column":2},"end":{"line":4,"column":3}},"loc":{"start":{"line":4,"column":28},"end":{"line":8,"column":3}},"line":4},"1":{"name":"(anonymous_1)","decl":{"start":{"line":9,"column":2},"end":{"line":9,"column":3}},"loc":{"start":{"line":9,"column":36},"end":{"line":18,"column":3}},"line":9}},"branchMap":{},"s":{"0":1,"1":0,"2":0,"3":0,"4":0,"5":0,"6":0,"7":1},"f":{"0":0,"1":0},"b":{},"_coverageSchema":"1a1c01bbd47fc00a2c39e90264f33305004495a9","hash":"e743610573dae282ac47a7bb003babf87dbdcec8","contentHash":"fe9331900ca9c5f91be05aef83a3bd0b48e4c6fc95b684ceb86da5c53aa66d6f"},"/home/guilherme/Desktop/cryptonita/futuresExchange/src/api/binance/leverage/index.js":{"path":"/home/guilherme/Desktop/cryptonita/futuresExchange/src/api/binance/leverage/index.js","statementMap":{"0":{"start":{"line":1,"column":19},"end":{"line":1,"column":37}},"1":{"start":{"line":2,"column":30},"end":{"line":2,"column":57}},"2":{"start":{"line":4,"column":15},"end":{"line":4,"column":27}},"3":{"start":{"line":5,"column":37},"end":{"line":5,"column":60}},"4":{"start":{"line":6,"column":0},"end":{"line":6,"column":48}},"5":{"start":{"line":7,"column":0},"end":{"line":7,"column":49}},"6":{"start":{"line":9,"column":0},"end":{"line":9,"column":24}}},"fnMap":{},"branchMap":{},"s":{"0":1,"1":1,"2":1,"3":1,"4":1,"5":1,"6":1},"f":{},"b":{},"_coverageSchema":"1a1c01bbd47fc00a2c39e90264f33305004495a9","hash":"8c9e99a69a8dc1dfe196ab15435c05a8925546cb","contentHash":"15e2962d464450fd72b0eda06a8ffcaf3fb9ffd62cc33f8e304ee4d4c99bc258"},"/home/guilherme/Desktop/cryptonita/futuresExchange/src/api/binance/leverage/controller.js":{"path":"/home/guilherme/Desktop/cryptonita/futuresExchange/src/api/binance/leverage/controller.js","statementMap":{"0":{"start":{"line":1,"column":25},"end":{"line":1,"column":66}},"1":{"start":{"line":2,"column":24},"end":{"line":2,"column":44}},"2":{"start":{"line":4,"column":0},"end":{"line":19,"column":2}},"3":{"start":{"line":5,"column":2},"end":{"line":18,"column":3}},"4":{"start":{"line":6,"column":49},"end":{"line":6,"column":52}},"5":{"start":{"line":7,"column":31},"end":{"line":7,"column":36}},"6":{"start":{"line":9,"column":28},"end":{"line":12,"column":6}},"7":{"start":{"line":13,"column":21},"end":{"line":13,"column":70}},"8":{"start":{"line":14,"column":4},"end":{"line":14,"column":42}},"9":{"start":{"line":16,"column":18},"end":{"line":16,"column":33}},"10":{"start":{"line":17,"column":4},"end":{"line":17,"column":39}},"11":{"start":{"line":20,"column":0},"end":{"line":34,"column":2}},"12":{"start":{"line":21,"column":2},"end":{"line":33,"column":3}},"13":{"start":{"line":22,"column":48},"end":{"line":22,"column":51}},"14":{"start":{"line":24,"column":28},"end":{"line":27,"column":6}},"15":{"start":{"line":28,"column":21},"end":{"line":28,"column":60}},"16":{"start":{"line":29,"column":4},"end":{"line":29,"column":42}},"17":{"start":{"line":31,"column":18},"end":{"line":31,"column":33}},"18":{"start":{"line":32,"column":4},"end":{"line":32,"column":39}}},"fnMap":{"0":{"name":"(anonymous_0)","decl":{"start":{"line":4,"column":22},"end":{"line":4,"column":23}},"loc":{"start":{"line":4,"column":42},"end":{"line":19,"column":1}},"line":4},"1":{"name":"(anonymous_1)","decl":{"start":{"line":20,"column":22},"end":{"line":20,"column":23}},"loc":{"start":{"line":20,"column":42},"end":{"line":34,"column":1}},"line":20}},"branchMap":{},"s":{"0":1,"1":1,"2":1,"3":0,"4":0,"5":0,"6":0,"7":0,"8":0,"9":0,"10":0,"11":1,"12":0,"13":0,"14":0,"15":0,"16":0,"17":0,"18":0},"f":{"0":0,"1":0},"b":{},"_coverageSchema":"1a1c01bbd47fc00a2c39e90264f33305004495a9","hash":"89fd7b5a632d431c664bce19082b5770d1f77769","contentHash":"16a9e94bd33aa77907c694f7223a9a4d3ac1d055b08feb21f140da12fc7f1949"},"/home/guilherme/Desktop/cryptonita/futuresExchange/src/api/binance/leverage/service.js":{"path":"/home/guilherme/Desktop/cryptonita/futuresExchange/src/api/binance/leverage/service.js","statementMap":{"0":{"start":{"line":1,"column":49},"end":{"line":1,"column":69}},"1":{"start":{"line":2,"column":24},"end":{"line":2,"column":54}},"2":{"start":{"line":5,"column":42},"end":{"line":5,"column":54}},"3":{"start":{"line":6,"column":4},"end":{"line":6,"column":29}},"4":{"start":{"line":7,"column":4},"end":{"line":7,"column":43}},"5":{"start":{"line":10,"column":28},"end":{"line":13,"column":6}},"6":{"start":{"line":14,"column":21},"end":{"line":14,"column":70}},"7":{"start":{"line":15,"column":62},"end":{"line":15,"column":70}},"8":{"start":{"line":16,"column":4},"end":{"line":16,"column":61}},"9":{"start":{"line":20,"column":38},"end":{"line":20,"column":50}},"10":{"start":{"line":21,"column":24},"end":{"line":23,"column":5}},"11":{"start":{"line":29,"column":4},"end":{"line":29,"column":64}},"12":{"start":{"line":33,"column":0},"end":{"line":33,"column":33}}},"fnMap":{"0":{"name":"(anonymous_0)","decl":{"start":{"line":4,"column":2},"end":{"line":4,"column":3}},"loc":{"start":{"line":4,"column":28},"end":{"line":8,"column":3}},"line":4},"1":{"name":"(anonymous_1)","decl":{"start":{"line":9,"column":2},"end":{"line":9,"column":3}},"loc":{"start":{"line":9,"column":36},"end":{"line":17,"column":3}},"line":9},"2":{"name":"(anonymous_2)","decl":{"start":{"line":19,"column":2},"end":{"line":19,"column":3}},"loc":{"start":{"line":19,"column":34},"end":{"line":30,"column":3}},"line":19}},"branchMap":{},"s":{"0":1,"1":1,"2":0,"3":0,"4":0,"5":0,"6":0,"7":0,"8":0,"9":0,"10":0,"11":0,"12":1},"f":{"0":0,"1":0,"2":0},"b":{},"_coverageSchema":"1a1c01bbd47fc00a2c39e90264f33305004495a9","hash":"3ed40bbe3b2d9a009bcc9be89833aeaef82dc9a9","contentHash":"0613421929ee8c42c3d902cde2ebc4c5c22552d596dfb434ace86d86837043d9"},"/home/guilherme/Desktop/cryptonita/futuresExchange/src/api/binance/account/index.js":{"path":"/home/guilherme/Desktop/cryptonita/futuresExchange/src/api/binance/account/index.js","statementMap":{"0":{"start":{"line":1,"column":19},"end":{"line":1,"column":37}},"1":{"start":{"line":3,"column":15},"end":{"line":3,"column":27}},"2":{"start":{"line":4,"column":23},"end":{"line":4,"column":46}},"3":{"start":{"line":5,"column":0},"end":{"line":5,"column":35}},"4":{"start":{"line":7,"column":0},"end":{"line":7,"column":24}}},"fnMap":{},"branchMap":{},
[...]
":0,"9":0},"f":{"0":0},"b":{},"_coverageSchema":"1a1c01bbd47fc00a2c39e90264f33305004495a9","hash":"e9e26318199f77dfd10a18d9243b0f7522809f14","contentHash":"73de57870efbf8570f340e09b82bb541f7d9b9468682837921eaae88d8833d6b"},"/home/guilherme/Desktop/cryptonita/futuresExchange/src/api/binance/account/service.js":{"path":"/home/guilherme/Desktop/cryptonita/futuresExchange/src/api/binance/account/service.js","statementMap":{"0":{"start":{"line":1,"column":29},"end":{"line":1,"column":49}},"1":{"start":{"line":2,"column":25},"end":{"line":2,"column":45}},"2":{"start":{"line":6,"column":42},"end":{"line":6,"column":54}},"3":{"start":{"line":7,"column":4},"end":{"line":7,"column":29}},"4":{"start":{"line":8,"column":4},"end":{"line":8,"column":43}},"5":{"start":{"line":11,"column":20},"end":{"line":11,"column":54}},"6":{"start":{"line":12,"column":22},"end":{"line":12,"column":67}},"7":{"start":{"line":13,"column":26},"end":{"line":13,"column":62}},"8":{"start":{"line":15,"column":4},"end":{"line":15,"column":25}},"9":{"start":{"line":19,"column":0},"end":{"line":19,"column":32}}},"fnMap":{"0":{"name":"(anonymous_0)","decl":{"start":{"line":5,"column":2},"end":{"line":5,"column":3}},"loc":{"start":{"line":5,"column":28},"end":{"line":9,"column":3}},"line":5},"1":{"name":"(anonymous_1)","decl":{"start":{"line":10,"column":2},"end":{"line":10,"column":3}},"loc":{"start":{"line":10,"column":21},"end":{"line":16,"column":3}},"line":10}},"branchMap":{},"s":{"0":1,"1":1,"2":0,"3":0,"4":0,"5":0,"6":0,"7":0,"8":0,"9":1},"f":{"0":0,"1":0},"b":{},"_coverageSchema":"1a1c01bbd47fc00a2c39e90264f33305004495a9","hash":"579fdba3300bbd7b43f0628ed4137bc2617a8d5d","contentHash":"4526b1adf4e3b1112228e3fcf2c776c9b4f0db7a13cdfd6c675b542ceecaca62"},"/home/guilherme/Desktop/cryptonita/futuresExchange/src/api/binance/funding/index.js":{"path":"/home/guilherme/Desktop/cryptonita/futuresExchange/src/api/binance/funding/index.js","statementMap":{"0":{"start":{"line":1,"column":19},"end":{"line":1,"column":37}},"1":{"start":{"line":2,"column":30},"end":{"line":2,"column":57}},"2":{"start":{"line":4,"column":15},"end":{"line":4,"column":27}},"3":{"start":{"line":5,"column":23},"end":{"line":5,"column":46}},"4":{"start":{"line":6,"column":0},"end":{"line":6,"column":47}},"5":{"start":{"line":8,"column":0},"end":{"line":8,"column":24}}},"fnMap":{},"branchMap":{},"s":{"0":1,"1":1,"2":1,"3":1,"4":1,"5":1},"f":{},"b":{},"_coverageSchema":"1a1c01bbd47fc00a2c39e90264f33305004495a9","hash":"8bacd155198059026b8fad065607a27ceda5a089","contentHash":"c3d70365a8c9cc4589b5dd6fdef7409764a7bbd62dd1085d0f8f5100fe0cddaa"},"/home/guilherme/Desktop/cryptonita/futuresExchange/src/api/binance/funding/controller.js":{"path":"/home/guilherme/Desktop/cryptonita/futuresExchange/src/api/binance/funding/controller.js","statementMap":{"0":{"start":{"line":1,"column":25},"end":{"line":1,"column":66}},"1":{"start":{"line":2,"column":23},"end":{"line":2,"column":43}},"2":{"start":{"line":4,"column":0},"end":{"line":19,"column":2}},"3":{"start":{"line":5,"column":2},"end":{"line":18,"column":3}},"4":{"start":{"line":6,"column":49},"end":{"line":6,"column":52}},"5":{"start":{"line":7,"column":31},"end":{"line":7,"column":36}},"6":{"start":{"line":9,"column":27},"end":{"line":12,"column":6}},"7":{"start":{"line":13,"column":20},"end":{"line":13,"column":67}},"8":{"start":{"line":14,"column":4},"end":{"line":14,"column":41}},"9":{"start":{"line":16,"column":18},"end":{"line":16,"column":33}},"10":{"start":{"line":17,"column":4},"end":{"line":17,"column":39}}},"fnMap":{"0":{"name":"(anonymous_0)","decl":{"start":{"line":4,"column":21},"end":{"line":4,"column":22}},"loc":{"start":{"line":4,"column":41},"end":{"line":19,"column":1}},"line":4}},"branchMap":{},"s":{"0":1,"1":1,"2":1,"3":0,"4":0,"5":0,"6":0,"7":0,"8":0,"9":0,"10":0},"f":{"0":0},"b":{},"_coverageSchema":"1a1c01bbd47fc00a2c39e90264f33305004495a9","hash":"a372fc6e6b16768b476d2b39d61730cb9fdb3cf0","contentHash":"8edc58e64e7facbc9c2ee821744032e47f06fc4a8e85559af564f74d1cf589cf"},"/home/guilherme/Desktop/cryptonita/futuresExchange/src/api/binance/funding/service.js":{"path":"/home/guilherme/Desktop/cryptonita/futuresExchange/src/api/binance/funding/service.js","statementMap":{"0":{"start":{"line":1,"column":29},"end":{"line":1,"column":49}},"1":{"start":{"line":2,"column":28},"end":{"line":2,"column":64}},"2":{"start":{"line":3,"column":28},"end":{"line":3,"column":48}},"3":{"start":{"line":6,"column":42},"end":{"line":6,"column":54}},"4":{"start":{"line":7,"column":4},"end":{"line":7,"column":29}},"5":{"start":{"line":8,"column":4},"end":{"line":8,"column":43}},"6":{"start":{"line":11,"column":20},"end":{"line":14,"column":6}},"7":{"start":{"line":15,"column":25},"end":{"line":15,"column":77}},"8":{"start":{"line":16,"column":26},"end":{"line":16,"column":68}},"9":{"start":{"line":17,"column":4},"end":{"line":17,"column":25}},"10":{"start":{"line":21,"column":0},"end":{"line":21,"column":32}}},"fnMap":{"0":{"name":"(anonymous_0)","decl":{"start":{"line":5,"column":2},"end":{"line":5,"column":3}},"loc":{"start":{"line":5,"column":28},"end":{"line":9,"column":3}},"line":5},"1":{"name":"(anonymous_1)","decl":{"start":{"line":10,"column":2},"end":{"line":10,"column":3}},"loc":{"start":{"line":10,"column":35},"end":{"line":18,"column":3}},"line":10}},"branchMap":{},"s":{"0":1,"1":1,"2":1,"3":0,"4":0,"5":0,"6":0,"7":0,"8":0,"9":0,"10":1},"f":{"0":0,"1":0},"b":{},"_coverageSchema":"1a1c01bbd47fc00a2c39e90264f33305004495a9","hash":"247cbdab52f1a45712640b23cd6da27940f6fed6","contentHash":"87ac44116a8cc12b5b1ec0d23c308b198c83b4b0995cfc3e72c0fc37e1fc71e9"},"/home/guilherme/Desktop/cryptonita/futuresExchange/src/api/binance/stop/index.js":{"path":"/home/guilherme/Desktop/cryptonita/futuresExchange/src/api/binance/stop/index.js","statementMap":{"0":{"start":{"line":1,"column":19},"end":{"line":1,"column":37}},"1":{"start":{"line":2,"column":30},"end":{"line":2,"column":57}},"2":{"start":{"line":4,"column":15},"end":{"line":4,"column":27}},"3":{"start":{"line":5,"column":35},"end":{"line":5,"column":58}},"4":{"start":{"line":6,"column":0},"end":{"line":6,"column":45}},"5":{"start":{"line":7,"column":0},"end":{"line":7,"column":53}},"6":{"start":{"line":9,"column":0},"end":{"line":9,"column":24}}},"fnMap":{},"branchMap":{},"s":{"0":1,"1":1,"2":1,"3":1,"4":1,"5":1,"6":1},"f":{},"b":{},"_coverageSchema":"1a1c01bbd47fc00a2c39e90264f33305004495a9","hash":"85eb46d22533a92e2be610c948032013afd41730","contentHash":"59867f1b40b01a672bcc22a3e5e0230c05afa238a8bda704f8b72f5a9f6d6a98"},"/home/guilherme/Desktop/cryptonita/futuresExchange/src/api/binance/stop/controller.js":{"path":"/home/guilherme/Desktop/cryptonita/futuresExchange/src/api/binance/stop/controller.js","statementMap":{"0":{"start":{"line":1,"column":25},"end":{"line":1,"column":66}},"1":{"start":{"line":2,"column":20},"end":{"line":2,"column":40}},"2":{"start":{"line":4,"column":0},"end":{"line":19,"column":2}},"3":{"start":{"line":5,"column":2},"end":{"line":18,"column":3}},"4":{"start":{"line":6,"column":49},"end":{"line":6,"column":52}},"5":{"start":{"line":7,"column":31},"end":{"line":7,"column":36}},"6":{"start":{"line":9,"column":24},"end":{"line":12,"column":6}},"7":{"start":{"line":13,"column":17},"end":{"line":13,"column":59}},"8":{"start":{"line":14,"column":4},"end":{"line":14,"column":38}},"9":{"start":{"line":16,"column":18},"end":{"line":16,"column":33}},"10":{"start":{"line":17,"column":4},"end":{"line":17,"column":39}},"11":{"start":{"line":20,"column":0},"end":{"line":35,"column":2}},"12":{"start":{"line":21,"column":2},"end":{"line":34,"column":3}},"13":{"start":{"line":22,"column":49},"end":{"line":22,"column":52}},"14":{"start":{"line":23,"column":31},"end":{"line":23,"column":36}},"15":{"start":{"line":25,"column":24},"end":{"line":28,"column":6}},"16":{"start":{"line":29,"column":17},"end":{"line":29,"column":63}},"17":{"start":{"line":30,"column":4},"end":{"line":30,"column":38}},"18":{"start":{"line":32,"column":18},"end":{"line":32,"column":33}},"19":{"start":{"line":33,"column":4},"end":{"line":33,"column":39}}},"fnMap":{"0":{"name":"(anonymous_0)","decl":{"start":{"line":4,"column":19},"end":{"line":4,"column":20}},"loc":{"start":{"line":4,"column":39},"end":{"line":19,"column":1}},"line":4},"1":{"name":"(anonymous_1)","decl":{"start":{"line":20,"column":23},"end":{"line":20,"column":24}},"loc":{"start":{"line":20,"column":43},"end":{"line":35,"column":1}},"line":20}},"branchMap":{},"s":{"0":1,"1":1,"2":1,"3":0,"4":0,"5":0,"6":0,"7":0,"8":0,"9":0,"10":0,"11":1,"12":0,"13":0,"14":0,"15":0,"16":0,"17":0,"18":0,"19":0},"f":{"0":0,"1":0},"b":{},"_coverageSchema":"1a1c01bbd47fc00a2c39e90264f33305004495a9","hash":"780ef78286a25eedaff01616c6ed12e37e8ccb01","contentHash":"e608f7a99e79c2b46defe8accacc3c20a2c6e7d7e4930dc9981ba13c1f08c5fe"},"/home/guilherme/Desktop/cryptonita/futuresExchange/src/api/binance/stop/service.js":{"path":"/home/guilherme/Desktop/cryptonita/futuresExchange/src/api/binance/stop/service.js","statementMap":{"0":{"start":{"line":1,"column":26},"end":{"line":1,"column":46}},"1":{"start":{"line":2,"column":21},"end":{"line":2,"column":48}},"2":{"start":{"line":6,"column":42},"end":{"line":6,"column":54}},"3":{"start":{"line":7,"column":4},"end":{"line":7,"column":29}},"4":{"start":{"line":8,"column":4},"end":{"line":8,"column":43}},"5":{"start":{"line":11,"column":25},"end":{"line":14,"column":6}},"6":{"start":{"line":15,"column":22},"end":{"line":15,"column":69}},"7":{"start":{"line":16,"column":21},"end":{"line":16,"column":23}},"8":{"start":{"line":17,"column":4},"end":{"line":19,"column":5}},"9":{"start":{"line":18,"column":6},"end":{"line":18,"column":42}},"10":{"start":{"line":22,"column":4},"end":{"line":22,"column":20}},"11":{"start":{"line":25,"column":25},"end":{"line":28,"column":6}},"12":{"start":{"line":29,"column":22},"end":{"line":29,"column":73}},"13":{"start":{"line":30,"column":21},"end":{"line":30,"column":23}},"14":{"start":{"line":31,"column":4},"end":{"line":33,"column":5}},"15":{"start":{"line":32,"column":6},"end":{"line":32,"column":42}},"16":{"start":{"line":36,"column":4},"end":{"line":36,"column":20}},"17":{"start":{"line":40,"column":0},"end":{"line":40,"column":29}}},"fnMap":{"0":{"name":"(anonymous_0)","decl":{"start":{"line":5,"column":2},"end":{"line":5,"column":3}},"loc":{"start":{"line":5,"column":28},"end":{"line":9,"column":3}},"line":5},"1":{"name":"(anonymous_1)","decl":{"start":{"line":10,"column":2},"end":{"line":10,"column":3}},"loc":{"start":{"line":10,"column":33},"end":{"line":23,"column":3}},"line":10},"2":{"name":"(anonymous_2)","decl":{"start":{"line":24,"column":2},"end":{"line":24,"column":3}},"loc":{"start":{"line":24,"column":37},"end":{"line":37,"column":3}},"line":24}},"branchMap":{},"s":{"0":1,"1":1,"2":0,"3":0,"4":0,"5":0,"6":0,"7":0,"8":0,"9":0,"10":0,"11":0,"12":0,"13":0,"14":0,"15":0,"16":0,"17":1},"f":{"0":0,"1":0,"2":0},"b":{},"_coverageSchema":"1a1c01bbd47fc00a2c39e90264f33305004495a9","hash":"f7323fb6ab1b8b03925a0dd620ca89e8fdb606a5","contentHash":"eb5779a99061ea388e680f8997c7f6e9c6914855156efbb4ead73e5012d576f7"},"/home/guilherme/Desktop/cryptonita/futuresExchange/src/api/ftx/index.js":{"path":"/home/guilherme/Desktop/cryptonita/futuresExchange/src/api/ftx/index.js","statementMap":{"0":{"start":{"line":1,"column":19},"end":{"line":1,"column":37}},"1":{"start":{"line":2,"column":55},"end":{"line":2,"column":78}},"2":{"start":{"line":4,"column":15},"end":{"line":4,"column":27}},"3":{"start":{"line":5,"column":0},"end":{"line":5,"column":32}},"4":{"start":{"line":6,"column":0},"end":{"line":6,"column":30}},"5":{"start":{"line":7,"column":0},"end":{"line":7,"column":40}},"6":{"start":{"line":8,"column":0},"end":{"line":8,"column":42}},"7":{"start":{"line":9,"column":0},"end":{"line":9,"column":24}}},"fnMap":{},"branchMap":{},"s":{"0":1,"1":1,"2":1,"3":1,"4":1,"5":1,"6":1,"7":1},"f":{},"b":{},"_coverageSchema":"1a1c01bbd47fc00a2c39e90264f33305004495a9","hash":"48cc5481f53adbc6e0a4cb9a7c71cd3f1f136ae4","contentHash":"8efb90e0234a896e6519019c0192d3589c3506c6a34cfe4d81bf0c05aea5a65d"},"/home/guilherme/Desktop/cryptonita/futuresExchange/src/api/ftx/controller.js":{"path":"/home/guilherme/Desktop/cryptonita/futuresExchange/src/api/ftx/controller.js","statementMap":{"0":{"start":{"line":1,"column":13},"end":{"line":1,"column":28}},"1":{"start":{"line":3,"column":12},"end":{"line":7,"column":2}},"2":{"start":{"line":9,"column":0},"end":{"line":17,"column":2}},"3":{"start":{"line":10,"column":2},"end":{"line":16,"column":3}},"4":{"start":{"line":11,"column":23},"end":{"line":11,"column":47}},"5":{"start":{"line":12,"column":4},"end":{"line":12,"column":37}},"6":{"start":{"line":14,"column":4},"end":{"line":14,"column":19}},"7":{"start":{"line":15,"column":4},"end":{"line":15,"column":52}},"8":{"start":{"line":19,"column":0},"end":{"line":27,"column":2}},"9":{"start":{"line":20,"column":2},"end":{"line":26,"column":3}},"10":{"start":{"line":21,"column":22},"end":{"line":21,"column":55}},"11":{"start":{"line":22,"column":4},"end":{"line":22,"column":36}},"12":{"start":{"line":24,"column":4},"end":{"line":24,"column":19}},"13":{"start":{"line":25,"column":4},"end":{"line":25,"column":52}},"14":{"start":{"line":29,"column":0},"end":{"line":42,"column":2}},"15":{"start":{"line":30,"column":2},"end":{"line":41,"column":3}},"16":{"start":{"line":31,"column":32},"end":{"line":36,"column":5}},"17":{"start":{"line":37,"column":4},"end":{"line":37,"column":46}},"18":{"start":{"line":39,"column":4},"end":{"line":39,"column":19}},"19":{"start":{"line":40,"column":4},"end":{"line":40,"column":32}},"20":{"start":{"line":44,"column":0},"end":{"line":54,"column":2}},"21":{"start":{"line":45,"column":2},"end":{"line":53,"column":3}},"22":{"start":{"line":46,"column":28},"end":{"line":48,"column":6}},"23":{"start":{"line":49,"column":4},"end":{"line":49,"column":42}},"24":{"start":{"line":51,"column":4},"end":{"line":51,"column":19}},"25":{"start":{"line":52,"column":4},"end":{"line":52,"column":28}}},"fnMap":{"0":{"name":"(anonymous_0)","decl":{"start":{"line":9,"column":18},"end":{"line":9,"column":19}},"loc":{"start":{"line":9,"column":38},"end":{"line":17,"column":1}},"line":9},"1":{"name":"(anonymous_1)","decl":{"start":{"line":19,"column":17},"end":{"line":19,"column":18}},"loc":{"start":{"line":19,"column":37},"end":{"line":27,"column":1}},"line":19},"2":{"name":"(anonymous_2)","decl":{"start":{"line":29,"column":22},"end":{"line":29,"column":23}},"loc":{"start":{"line":29,"column":42},"end":{"line":42,"column":1}},"line":29},"3":{"name":"(anonymous_3)","decl":{"start":{"line":44,"column":23},"end":{"line":44,"column":24}},"loc":{"start":{"line":44,"column":43},"end":{"line":54,"column":1}},"line":44}},"branchMap":{},"s":{"0":1,"1":1,"2":1,"3":0,"4":0,"5":0,"6":0,"7":0,"8":1,"9":0,"10":0,"11":0,"12":0,"13":0,"14":1,"15":0,"16":0,"17":0,"18":0,"19":0,"20":1,"21":0,"22":0,"23":0,"24":0,"25":0},"f":{"0":0,"1":0,"2":0,"3":0},"b":{},"_coverageSchema":"1a1c01bbd47fc00a2c39e90264f33305004495a9","hash":"e451a9e5fd7453844e9f1a2fcba0221d8da68b07","contentHash":"ab496a3f1d8c580195baf557167b75524cef912ba28caa453c576b671dad8eb0"},"/home/guilherme/Desktop/cryptonita/futuresExchange/src/api/bitmex/index.js":{"path":"/home/guilherme/Desktop/cryptonita/futuresExchange/src/api/bitmex/index.js","statementMap":{"0":{"start":{"line":1,"column":19},"end":{"line":1,"column":37}},"1":{"start":{"line":8,"column":4},"end":{"line":8,"column":27}},"2":{"start":{"line":10,"column":15},"end":{"line":10,"column":27}},"3":{"start":{"line":11,"column":0},"end":{"line":11,"column":32}},"4":{"start":{"line":12,"column":0},"end":{"line":12,"column":30}},"5":{"start":{"line":13,"column":0},"end":{"line":13,"column":42}},"6":{"start":{"line":14,"column":0},"end":{"line":14,"column":36}},"7":{"start":{"line":15,"column":0},"end":{"line":15,"column":40}},"8":{"start":{"line":17,"column":0},"end":{"line":17,"column":24}}},"fnMap":{},"branchMap":{},"s":{"0":1,"1":1,"2":1,"3":1,"4":1,"5":1,"6":1,"7":1,"8":1},"f":{},"b":{},"_coverageSchema":"1a1c01bbd47fc00a2c39e90264f33305004495a9","hash":"39e797191c039d08421b11b537775d4c168b4582","contentHash":"f89abf0294b44651ea485616f1b4db2006ef23387f1f256a614f84731249596e"},"/home/guilherme/Desktop/cryptonita/futuresExchange/src/api/bitmex/controller.js":{"path":"/home/guilherme/Desktop/cryptonita/futuresExchange/src/api/bitmex/controller.js","statementMap":{"0":{"start":{"line":1,"column":13},"end":{"line":1,"column":28}},"1":{"start":{"line":2,"column":0},"end":{"line":15,"column":3}},"2":{"start":{"line":17,"column":0},"end":{"line":25,"column":2}},"3":{"start":{"line":18,"column":2},"end":{"line":24,"column":3}},"4":{"start":{"line":19,"column":26},"end":{"line":19,"column":53}},"5":{"start":{"line":20,"column":4},"end":{"line":20,"column":40}},"6":{"start":{"line":22,"column":4},"end":{"line":22,"column":19}},"7":{"start":{"line":23,"column":4},"end":{"line":23,"column":52}},"8":{"start":{"line":27,"column":0},"end":{"line":35,"column":2}},"9":{"start":{"line":28,"column":2},"end":{"line":34,"column":3}},"10":{"start":{"line":29,"column":25},"end":{"line":29,"column":60}},"11":{"start":{"line":30,"column":4},"end":{"line":30,"column":39}},"12":{"start":{"line":32,"column":4},"end":{"line":32,"column":19}},"13":{"start":{"line":33,"column":4},"end":{"line":33,"column":52}},"14":{"start":{"line":36,"column":0},"end":{"line":44,"column":2}},"15":{"start":{"line":37,"column":2},"end":{"line":43,"column":3}},"16":{"start":{"line":38,"column":25},"end":{"line":38,"column":52}},"17":{"start":{"line":39,"column":4},"end":{"line":39,"column":39}},"18":{"start":{"line":41,"column":4},"end":{"line":41,"column":19}},"19":{"start":{"line":42,"column":4},"end":{"line":42,"column":52}},"20":{"start":{"line":46,"column":0},"end":{"line":60,"column":2}},"21":{"start":{"line":47,"column":2},"end":{"line":59,"column":3}},"22":{"start":{"line":48,"column":31},"end":{"line":54,"column":5}},"23":{"start":{"line":55,"column":4},"end":{"line":55,"column":45}},"24":{"start":{"line":57,"column":4},"end":{"line":57,"column":19}},"25":{"start":{"line":58,"column":4},"end":{"line":58,"column":32}},"26":{"start":{"line":62,"column":0},"end":{"line":70,"column":2}},"27":{"start":{"line":63,"column":2},"end":{"line":69,"column":3}},"28":{"start":{"line":64,"column":28},"end":{"line":64,"column":54}},"29":{"start":{"line":65,"column":4},"end":{"line":65,"column":42}},"30":{"start":{"line":67,"column":4},"end":{"line":67,"column":19}},"31":{"start":{"line":68,"column":4},"end":{"line":68,"column":32}}},"fnMap":{"0":{"name":"(anonymous_0)","decl":{"start":{"line":17,"column":18},"end":{"line":17,"column":19}},"loc":{"start":{"line":17,"column":38},"end":{"line":25,"column":1}},"line":17},"1":{"name":"(anonymous_1)","decl":{"start":{"line":27,"column":17},"end":{"line":27,"column":18}},"loc":{"start":{"line":27,"column":37},"end":{"line":35,"column":1}},"line":27},"2":{"name":"(anonymous_2)","decl":{"start":{"line":36,"column":23},"end":{"line":36,"column":24}},"loc":{"start":{"line":36,"column":43},"end":{"line":44,"column":1}},"line":36},"3":{"name":"(anonymous_3)","decl":{"start":{"line":46,"column":22},"end":{"line":46,"column":23}},"loc":{"start":{"line":46,"column":42},"end":{"line":60,"column":1}},"line":46},"4":{"name":"(anonymous_4)","decl":{"start":{"line":62,"column":20},"end":{"line":62,"column":21}},"loc":{"start":{"line":62,"column":40},"end":{"line":70,"column":1}},"line":62}},"branchMap":{},"s":{"0":1,"1":1,"2":1,"3":0,"4":0,"5":0,"6":0,"7":0,"8":1,"9":0,"10":0,"11":0,"12":0,"13":0,"14":1,"15":0,"16":0,"17":0,"18":0,"19":0,"20":1,"21":0,"22":0,"23":0,"24":0,"25":0,"26":1,"27":0,"28":0,"29":0,"30":0,"31":0},"f":{"0":0,"1":0,"2":0,"3":0,"4":0},"b":{},"_coverageSchema":"1a1c01bbd47fc00a2c39e90264f33305004495a9","hash":"f3a18760c9201c9e42da3734c8fc379ca9e8beff","contentHash":"48c404b8fc512b5b354392317bdb5e36a1067e479f29d5a97e69df9a07a05293"}}